{"uid":"6221918154613348","name":"test_given_vault_is_deployed_when_integrate_another_vault_then_autounseal_activated","fullName":"tests.integration.test_integration.TestVaultK8sIntegrationsPart3#test_given_vault_is_deployed_when_integrate_another_vault_then_autounseal_activated","historyId":"dbb985da256b71a6d509b3a9af043a7e","time":{"start":1737042890438,"stop":1737042963540,"duration":73102},"status":"broken","statusMessage":"test_integration.ActionFailedError: Failed to authorize charm","statusTrace":"Traceback (most recent call last):\n  File \"/home/ubuntu/actions-runner/_work/vault-k8s-operator/vault-k8s-operator/.tox/integration/lib/python3.10/site-packages/_pytest/runner.py\", line 341, in from_call\n    result: TResult | None = func()\n  File \"/home/ubuntu/actions-runner/_work/vault-k8s-operator/vault-k8s-operator/.tox/integration/lib/python3.10/site-packages/_pytest/runner.py\", line 242, in <lambda>\n    lambda: runtest_hook(item=item, **kwds), when=when, reraise=reraise\n  File \"/home/ubuntu/actions-runner/_work/vault-k8s-operator/vault-k8s-operator/.tox/integration/lib/python3.10/site-packages/pluggy/_hooks.py\", line 513, in __call__\n    return self._hookexec(self.name, self._hookimpls.copy(), kwargs, firstresult)\n  File \"/home/ubuntu/actions-runner/_work/vault-k8s-operator/vault-k8s-operator/.tox/integration/lib/python3.10/site-packages/pluggy/_manager.py\", line 120, in _hookexec\n    return self._inner_hookexec(hook_name, methods, kwargs, firstresult)\n  File \"/home/ubuntu/actions-runner/_work/vault-k8s-operator/vault-k8s-operator/.tox/integration/lib/python3.10/site-packages/pluggy/_callers.py\", line 182, in _multicall\n    return outcome.get_result()\n  File \"/home/ubuntu/actions-runner/_work/vault-k8s-operator/vault-k8s-operator/.tox/integration/lib/python3.10/site-packages/pluggy/_result.py\", line 100, in get_result\n    raise exc.with_traceback(exc.__traceback__)\n  File \"/home/ubuntu/actions-runner/_work/vault-k8s-operator/vault-k8s-operator/.tox/integration/lib/python3.10/site-packages/pluggy/_callers.py\", line 167, in _multicall\n    teardown.throw(outcome._exception)\n  File \"/home/ubuntu/actions-runner/_work/vault-k8s-operator/vault-k8s-operator/.tox/integration/lib/python3.10/site-packages/_pytest/threadexception.py\", line 92, in pytest_runtest_call\n    yield from thread_exception_runtest_hook()\n  File \"/home/ubuntu/actions-runner/_work/vault-k8s-operator/vault-k8s-operator/.tox/integration/lib/python3.10/site-packages/_pytest/threadexception.py\", line 68, in thread_exception_runtest_hook\n    yield\n  File \"/home/ubuntu/actions-runner/_work/vault-k8s-operator/vault-k8s-operator/.tox/integration/lib/python3.10/site-packages/pluggy/_callers.py\", line 167, in _multicall\n    teardown.throw(outcome._exception)\n  File \"/home/ubuntu/actions-runner/_work/vault-k8s-operator/vault-k8s-operator/.tox/integration/lib/python3.10/site-packages/_pytest/unraisableexception.py\", line 95, in pytest_runtest_call\n    yield from unraisable_exception_runtest_hook()\n  File \"/home/ubuntu/actions-runner/_work/vault-k8s-operator/vault-k8s-operator/.tox/integration/lib/python3.10/site-packages/_pytest/unraisableexception.py\", line 70, in unraisable_exception_runtest_hook\n    yield\n  File \"/home/ubuntu/actions-runner/_work/vault-k8s-operator/vault-k8s-operator/.tox/integration/lib/python3.10/site-packages/pluggy/_callers.py\", line 167, in _multicall\n    teardown.throw(outcome._exception)\n  File \"/home/ubuntu/actions-runner/_work/vault-k8s-operator/vault-k8s-operator/.tox/integration/lib/python3.10/site-packages/_pytest/logging.py\", line 846, in pytest_runtest_call\n    yield from self._runtest_for(item, \"call\")\n  File \"/home/ubuntu/actions-runner/_work/vault-k8s-operator/vault-k8s-operator/.tox/integration/lib/python3.10/site-packages/_pytest/logging.py\", line 829, in _runtest_for\n    yield\n  File \"/home/ubuntu/actions-runner/_work/vault-k8s-operator/vault-k8s-operator/.tox/integration/lib/python3.10/site-packages/pluggy/_callers.py\", line 167, in _multicall\n    teardown.throw(outcome._exception)\n  File \"/home/ubuntu/actions-runner/_work/vault-k8s-operator/vault-k8s-operator/.tox/integration/lib/python3.10/site-packages/_pytest/capture.py\", line 880, in pytest_runtest_call\n    return (yield)\n  File \"/home/ubuntu/actions-runner/_work/vault-k8s-operator/vault-k8s-operator/.tox/integration/lib/python3.10/site-packages/pluggy/_callers.py\", line 167, in _multicall\n    teardown.throw(outcome._exception)\n  File \"/home/ubuntu/actions-runner/_work/vault-k8s-operator/vault-k8s-operator/.tox/integration/lib/python3.10/site-packages/_pytest/skipping.py\", line 257, in pytest_runtest_call\n    return (yield)\n  File \"/home/ubuntu/actions-runner/_work/vault-k8s-operator/vault-k8s-operator/.tox/integration/lib/python3.10/site-packages/pluggy/_callers.py\", line 103, in _multicall\n    res = hook_impl.function(*args)\n  File \"/home/ubuntu/actions-runner/_work/vault-k8s-operator/vault-k8s-operator/.tox/integration/lib/python3.10/site-packages/_pytest/runner.py\", line 174, in pytest_runtest_call\n    item.runtest()\n  File \"/home/ubuntu/actions-runner/_work/vault-k8s-operator/vault-k8s-operator/.tox/integration/lib/python3.10/site-packages/_pytest/python.py\", line 1627, in runtest\n    self.ihook.pytest_pyfunc_call(pyfuncitem=self)\n  File \"/home/ubuntu/actions-runner/_work/vault-k8s-operator/vault-k8s-operator/.tox/integration/lib/python3.10/site-packages/pluggy/_hooks.py\", line 513, in __call__\n    return self._hookexec(self.name, self._hookimpls.copy(), kwargs, firstresult)\n  File \"/home/ubuntu/actions-runner/_work/vault-k8s-operator/vault-k8s-operator/.tox/integration/lib/python3.10/site-packages/pluggy/_manager.py\", line 120, in _hookexec\n    return self._inner_hookexec(hook_name, methods, kwargs, firstresult)\n  File \"/home/ubuntu/actions-runner/_work/vault-k8s-operator/vault-k8s-operator/.tox/integration/lib/python3.10/site-packages/pluggy/_callers.py\", line 182, in _multicall\n    return outcome.get_result()\n  File \"/home/ubuntu/actions-runner/_work/vault-k8s-operator/vault-k8s-operator/.tox/integration/lib/python3.10/site-packages/pluggy/_result.py\", line 100, in get_result\n    raise exc.with_traceback(exc.__traceback__)\n  File \"/home/ubuntu/actions-runner/_work/vault-k8s-operator/vault-k8s-operator/.tox/integration/lib/python3.10/site-packages/pluggy/_callers.py\", line 103, in _multicall\n    res = hook_impl.function(*args)\n  File \"/home/ubuntu/actions-runner/_work/vault-k8s-operator/vault-k8s-operator/.tox/integration/lib/python3.10/site-packages/_pytest/python.py\", line 159, in pytest_pyfunc_call\n    result = testfunction(**testargs)\n  File \"/home/ubuntu/actions-runner/_work/vault-k8s-operator/vault-k8s-operator/.tox/integration/lib/python3.10/site-packages/pytest_asyncio/plugin.py\", line 529, in inner\n    _loop.run_until_complete(task)\n  File \"/usr/lib/python3.10/asyncio/base_events.py\", line 649, in run_until_complete\n    return future.result()\n  File \"/home/ubuntu/actions-runner/_work/vault-k8s-operator/vault-k8s-operator/tests/integration/test_integration.py\", line 929, in test_given_vault_is_deployed_when_integrate_another_vault_then_autounseal_activated\n    await authorize_charm(ops_test, root_token, \"vault-b\")\n  File \"/home/ubuntu/actions-runner/_work/vault-k8s-operator/vault-k8s-operator/tests/integration/test_integration.py\", line 1234, in authorize_charm\n    raise ActionFailedError(\"Failed to authorize charm\")\ntest_integration.ActionFailedError: Failed to authorize charm","flaky":false,"newFailed":false,"newBroken":false,"newPassed":false,"retriesCount":0,"retriesStatusChange":false,"beforeStages":[{"name":"ops_test","time":{"start":1737041538020,"stop":1737041538436,"duration":416},"status":"passed","steps":[],"attachments":[],"parameters":[],"shouldDisplayMessage":false,"stepsCount":0,"attachmentsCount":0,"hasContent":false},{"name":"tmp_path_factory","time":{"start":1737041538020,"stop":1737041538020,"duration":0},"status":"passed","steps":[],"attachments":[],"parameters":[],"shouldDisplayMessage":false,"stepsCount":0,"attachmentsCount":0,"hasContent":false},{"name":"event_loop","time":{"start":1737041538020,"stop":1737041538020,"duration":0},"status":"passed","steps":[],"attachments":[],"parameters":[],"shouldDisplayMessage":false,"stepsCount":0,"attachmentsCount":0,"hasContent":false},{"name":"deployed_vault","time":{"start":1737041538437,"stop":1737041630930,"duration":92493},"status":"passed","steps":[],"attachments":[],"parameters":[],"shouldDisplayMessage":false,"stepsCount":0,"attachmentsCount":0,"hasContent":false},{"name":"deployed_vault_initialized_leader","time":{"start":1737041630931,"stop":1737041639265,"duration":8334},"status":"passed","steps":[],"attachments":[],"parameters":[],"shouldDisplayMessage":false,"stepsCount":0,"attachmentsCount":0,"hasContent":false},{"name":"deploy_requiring_charms","time":{"start":1737042817907,"stop":1737042890437,"duration":72530},"status":"passed","steps":[],"attachments":[],"parameters":[],"shouldDisplayMessage":false,"stepsCount":0,"attachmentsCount":0,"hasContent":false},{"name":"abort_on_fail","time":{"start":1737042890437,"stop":1737042890437,"duration":0},"status":"passed","steps":[],"attachments":[],"parameters":[],"shouldDisplayMessage":false,"stepsCount":0,"attachmentsCount":0,"hasContent":false}],"testStage":{"status":"broken","statusMessage":"test_integration.ActionFailedError: Failed to authorize charm","statusTrace":"Traceback (most recent call last):\n  File \"/home/ubuntu/actions-runner/_work/vault-k8s-operator/vault-k8s-operator/.tox/integration/lib/python3.10/site-packages/_pytest/runner.py\", line 341, in from_call\n    result: TResult | None = func()\n  File \"/home/ubuntu/actions-runner/_work/vault-k8s-operator/vault-k8s-operator/.tox/integration/lib/python3.10/site-packages/_pytest/runner.py\", line 242, in <lambda>\n    lambda: runtest_hook(item=item, **kwds), when=when, reraise=reraise\n  File \"/home/ubuntu/actions-runner/_work/vault-k8s-operator/vault-k8s-operator/.tox/integration/lib/python3.10/site-packages/pluggy/_hooks.py\", line 513, in __call__\n    return self._hookexec(self.name, self._hookimpls.copy(), kwargs, firstresult)\n  File \"/home/ubuntu/actions-runner/_work/vault-k8s-operator/vault-k8s-operator/.tox/integration/lib/python3.10/site-packages/pluggy/_manager.py\", line 120, in _hookexec\n    return self._inner_hookexec(hook_name, methods, kwargs, firstresult)\n  File \"/home/ubuntu/actions-runner/_work/vault-k8s-operator/vault-k8s-operator/.tox/integration/lib/python3.10/site-packages/pluggy/_callers.py\", line 182, in _multicall\n    return outcome.get_result()\n  File \"/home/ubuntu/actions-runner/_work/vault-k8s-operator/vault-k8s-operator/.tox/integration/lib/python3.10/site-packages/pluggy/_result.py\", line 100, in get_result\n    raise exc.with_traceback(exc.__traceback__)\n  File \"/home/ubuntu/actions-runner/_work/vault-k8s-operator/vault-k8s-operator/.tox/integration/lib/python3.10/site-packages/pluggy/_callers.py\", line 167, in _multicall\n    teardown.throw(outcome._exception)\n  File \"/home/ubuntu/actions-runner/_work/vault-k8s-operator/vault-k8s-operator/.tox/integration/lib/python3.10/site-packages/_pytest/threadexception.py\", line 92, in pytest_runtest_call\n    yield from thread_exception_runtest_hook()\n  File \"/home/ubuntu/actions-runner/_work/vault-k8s-operator/vault-k8s-operator/.tox/integration/lib/python3.10/site-packages/_pytest/threadexception.py\", line 68, in thread_exception_runtest_hook\n    yield\n  File \"/home/ubuntu/actions-runner/_work/vault-k8s-operator/vault-k8s-operator/.tox/integration/lib/python3.10/site-packages/pluggy/_callers.py\", line 167, in _multicall\n    teardown.throw(outcome._exception)\n  File \"/home/ubuntu/actions-runner/_work/vault-k8s-operator/vault-k8s-operator/.tox/integration/lib/python3.10/site-packages/_pytest/unraisableexception.py\", line 95, in pytest_runtest_call\n    yield from unraisable_exception_runtest_hook()\n  File \"/home/ubuntu/actions-runner/_work/vault-k8s-operator/vault-k8s-operator/.tox/integration/lib/python3.10/site-packages/_pytest/unraisableexception.py\", line 70, in unraisable_exception_runtest_hook\n    yield\n  File \"/home/ubuntu/actions-runner/_work/vault-k8s-operator/vault-k8s-operator/.tox/integration/lib/python3.10/site-packages/pluggy/_callers.py\", line 167, in _multicall\n    teardown.throw(outcome._exception)\n  File \"/home/ubuntu/actions-runner/_work/vault-k8s-operator/vault-k8s-operator/.tox/integration/lib/python3.10/site-packages/_pytest/logging.py\", line 846, in pytest_runtest_call\n    yield from self._runtest_for(item, \"call\")\n  File \"/home/ubuntu/actions-runner/_work/vault-k8s-operator/vault-k8s-operator/.tox/integration/lib/python3.10/site-packages/_pytest/logging.py\", line 829, in _runtest_for\n    yield\n  File \"/home/ubuntu/actions-runner/_work/vault-k8s-operator/vault-k8s-operator/.tox/integration/lib/python3.10/site-packages/pluggy/_callers.py\", line 167, in _multicall\n    teardown.throw(outcome._exception)\n  File \"/home/ubuntu/actions-runner/_work/vault-k8s-operator/vault-k8s-operator/.tox/integration/lib/python3.10/site-packages/_pytest/capture.py\", line 880, in pytest_runtest_call\n    return (yield)\n  File \"/home/ubuntu/actions-runner/_work/vault-k8s-operator/vault-k8s-operator/.tox/integration/lib/python3.10/site-packages/pluggy/_callers.py\", line 167, in _multicall\n    teardown.throw(outcome._exception)\n  File \"/home/ubuntu/actions-runner/_work/vault-k8s-operator/vault-k8s-operator/.tox/integration/lib/python3.10/site-packages/_pytest/skipping.py\", line 257, in pytest_runtest_call\n    return (yield)\n  File \"/home/ubuntu/actions-runner/_work/vault-k8s-operator/vault-k8s-operator/.tox/integration/lib/python3.10/site-packages/pluggy/_callers.py\", line 103, in _multicall\n    res = hook_impl.function(*args)\n  File \"/home/ubuntu/actions-runner/_work/vault-k8s-operator/vault-k8s-operator/.tox/integration/lib/python3.10/site-packages/_pytest/runner.py\", line 174, in pytest_runtest_call\n    item.runtest()\n  File \"/home/ubuntu/actions-runner/_work/vault-k8s-operator/vault-k8s-operator/.tox/integration/lib/python3.10/site-packages/_pytest/python.py\", line 1627, in runtest\n    self.ihook.pytest_pyfunc_call(pyfuncitem=self)\n  File \"/home/ubuntu/actions-runner/_work/vault-k8s-operator/vault-k8s-operator/.tox/integration/lib/python3.10/site-packages/pluggy/_hooks.py\", line 513, in __call__\n    return self._hookexec(self.name, self._hookimpls.copy(), kwargs, firstresult)\n  File \"/home/ubuntu/actions-runner/_work/vault-k8s-operator/vault-k8s-operator/.tox/integration/lib/python3.10/site-packages/pluggy/_manager.py\", line 120, in _hookexec\n    return self._inner_hookexec(hook_name, methods, kwargs, firstresult)\n  File \"/home/ubuntu/actions-runner/_work/vault-k8s-operator/vault-k8s-operator/.tox/integration/lib/python3.10/site-packages/pluggy/_callers.py\", line 182, in _multicall\n    return outcome.get_result()\n  File \"/home/ubuntu/actions-runner/_work/vault-k8s-operator/vault-k8s-operator/.tox/integration/lib/python3.10/site-packages/pluggy/_result.py\", line 100, in get_result\n    raise exc.with_traceback(exc.__traceback__)\n  File \"/home/ubuntu/actions-runner/_work/vault-k8s-operator/vault-k8s-operator/.tox/integration/lib/python3.10/site-packages/pluggy/_callers.py\", line 103, in _multicall\n    res = hook_impl.function(*args)\n  File \"/home/ubuntu/actions-runner/_work/vault-k8s-operator/vault-k8s-operator/.tox/integration/lib/python3.10/site-packages/_pytest/python.py\", line 159, in pytest_pyfunc_call\n    result = testfunction(**testargs)\n  File \"/home/ubuntu/actions-runner/_work/vault-k8s-operator/vault-k8s-operator/.tox/integration/lib/python3.10/site-packages/pytest_asyncio/plugin.py\", line 529, in inner\n    _loop.run_until_complete(task)\n  File \"/usr/lib/python3.10/asyncio/base_events.py\", line 649, in run_until_complete\n    return future.result()\n  File \"/home/ubuntu/actions-runner/_work/vault-k8s-operator/vault-k8s-operator/tests/integration/test_integration.py\", line 929, in test_given_vault_is_deployed_when_integrate_another_vault_then_autounseal_activated\n    await authorize_charm(ops_test, root_token, \"vault-b\")\n  File \"/home/ubuntu/actions-runner/_work/vault-k8s-operator/vault-k8s-operator/tests/integration/test_integration.py\", line 1234, in authorize_charm\n    raise ActionFailedError(\"Failed to authorize charm\")\ntest_integration.ActionFailedError: Failed to authorize charm","steps":[],"attachments":[{"uid":"94d485e60552d8c6","name":"log","source":"94d485e60552d8c6.txt","type":"text/plain","size":497}],"parameters":[],"shouldDisplayMessage":true,"stepsCount":0,"attachmentsCount":1,"hasContent":true},"afterStages":[{"name":"abort_on_fail::0","time":{"start":1737042963543,"stop":1737042963543,"duration":0},"status":"passed","steps":[],"attachments":[],"parameters":[],"shouldDisplayMessage":false,"stepsCount":0,"attachmentsCount":0,"hasContent":false},{"name":"deploy_requiring_charms::finalizer","time":{"start":1737042963551,"stop":1737042963570,"duration":19},"status":"passed","steps":[],"attachments":[],"parameters":[],"shouldDisplayMessage":false,"stepsCount":0,"attachmentsCount":0,"hasContent":false},{"name":"ops_test::finalizer","time":{"start":1737042963571,"stop":1737042969650,"duration":6079},"status":"passed","steps":[],"attachments":[],"parameters":[],"shouldDisplayMessage":false,"stepsCount":0,"attachmentsCount":0,"hasContent":false},{"name":"event_loop::2","time":{"start":1737042969651,"stop":1737042969651,"duration":0},"status":"passed","steps":[],"attachments":[],"parameters":[],"shouldDisplayMessage":false,"stepsCount":0,"attachmentsCount":0,"hasContent":false},{"name":"event_loop::_close_event_loop","time":{"start":1737042969651,"stop":1737042969651,"duration":0},"status":"passed","steps":[],"attachments":[],"parameters":[],"shouldDisplayMessage":false,"stepsCount":0,"attachmentsCount":0,"hasContent":false},{"name":"event_loop::_provide_clean_event_loop","time":{"start":1737042969651,"stop":1737042969652,"duration":1},"status":"passed","steps":[],"attachments":[],"parameters":[],"shouldDisplayMessage":false,"stepsCount":0,"attachmentsCount":0,"hasContent":false}],"labels":[{"name":"tag","value":"abort_on_fail"},{"name":"tag","value":"asyncio"},{"name":"parentSuite","value":"tests.integration"},{"name":"suite","value":"test_integration"},{"name":"subSuite","value":"TestVaultK8sIntegrationsPart3"},{"name":"host","value":"github-runner"},{"name":"thread","value":"22525-MainThread"},{"name":"framework","value":"pytest"},{"name":"language","value":"cpython3"},{"name":"package","value":"tests.integration.test_integration"},{"name":"resultFormat","value":"allure2"}],"parameters":[],"links":[],"hidden":false,"retry":false,"extra":{"severity":"normal","retries":[],"categories":[{"name":"Test defects","matchedStatuses":[],"flaky":false}],"history":{"statistic":{"failed":0,"broken":5,"skipped":2,"passed":11,"unknown":0,"total":18},"items":[{"uid":"a8fbb07ea37b260d","reportUrl":"https://canonical.github.io/vault-k8s-operator/2723//#testresult/a8fbb07ea37b260d","status":"skipped","statusDetails":"XFAIL reason: aborted\n\n_pytest.outcomes.XFailed: aborted","time":{"start":1736989648196,"stop":1736989648196,"duration":0}},{"uid":"91be1310bd9fd1a6","reportUrl":"https://canonical.github.io/vault-k8s-operator/2718//#testresult/91be1310bd9fd1a6","status":"broken","statusDetails":"juju.errors.JujuUnitError: Unit in error: vault-k8s/0","time":{"start":1736979392161,"stop":1736979392161,"duration":0}},{"uid":"71504cffadaac502","reportUrl":"https://canonical.github.io/vault-k8s-operator/2718//#testresult/71504cffadaac502","status":"broken","statusDetails":"juju.errors.JujuUnitError: Unit in error: vault-k8s/0","time":{"start":1736952815987,"stop":1736952815987,"duration":0}},{"uid":"18e017e3a22a32b8","reportUrl":"https://canonical.github.io/vault-k8s-operator/2718//#testresult/18e017e3a22a32b8","status":"broken","statusDetails":"juju.errors.JujuUnitError: Unit in error: vault-k8s/0","time":{"start":1736948961809,"stop":1736948961809,"duration":0}},{"uid":"98cfebdc9b2624cd","reportUrl":"https://canonical.github.io/vault-k8s-operator/2717//#testresult/98cfebdc9b2624cd","status":"passed","time":{"start":1736899929675,"stop":1736900002182,"duration":72507}},{"uid":"308838f6f712f596","reportUrl":"https://canonical.github.io/vault-k8s-operator/2718//#testresult/308838f6f712f596","status":"broken","statusDetails":"juju.errors.JujuUnitError: Unit in error: vault-k8s/0","time":{"start":1736899938822,"stop":1736899938822,"duration":0}},{"uid":"cfc85ec253b96e58","reportUrl":"https://canonical.github.io/vault-k8s-operator/2716//#testresult/cfc85ec253b96e58","status":"passed","time":{"start":1736895576947,"stop":1736895648046,"duration":71099}},{"uid":"d1ebc8e80f3e45dd","reportUrl":"https://canonical.github.io/vault-k8s-operator/2715//#testresult/d1ebc8e80f3e45dd","status":"passed","time":{"start":1736893749344,"stop":1736893816699,"duration":67355}},{"uid":"19f0d4dfe050f311","reportUrl":"https://canonical.github.io/vault-k8s-operator/2714//#testresult/19f0d4dfe050f311","status":"passed","time":{"start":1736864855054,"stop":1736864937885,"duration":82831}},{"uid":"17e00b68fe4b9efd","reportUrl":"https://canonical.github.io/vault-k8s-operator/2713//#testresult/17e00b68fe4b9efd","status":"skipped","statusDetails":"XFAIL reason: aborted\n\n_pytest.outcomes.XFailed: aborted","time":{"start":1736865000003,"stop":1736865000003,"duration":0}},{"uid":"8a443c0f1e48aa95","reportUrl":"https://canonical.github.io/vault-k8s-operator/2711//#testresult/8a443c0f1e48aa95","status":"passed","time":{"start":1736855279289,"stop":1736855353592,"duration":74303}},{"uid":"195e827130d6e31a","reportUrl":"https://canonical.github.io/vault-k8s-operator/2710//#testresult/195e827130d6e31a","status":"passed","time":{"start":1736807994475,"stop":1736808062902,"duration":68427}},{"uid":"3b8f102f49bc99eb","reportUrl":"https://canonical.github.io/vault-k8s-operator/2709//#testresult/3b8f102f49bc99eb","status":"passed","time":{"start":1736803781581,"stop":1736803856329,"duration":74748}},{"uid":"444b604e206c0fa8","reportUrl":"https://canonical.github.io/vault-k8s-operator/2708//#testresult/444b604e206c0fa8","status":"passed","time":{"start":1736800544456,"stop":1736800619948,"duration":75492}},{"uid":"45e45866fc7c5f70","reportUrl":"https://canonical.github.io/vault-k8s-operator/2707//#testresult/45e45866fc7c5f70","status":"passed","time":{"start":1736798394696,"stop":1736798482174,"duration":87478}},{"uid":"3fb64b0636d2c556","reportUrl":"https://canonical.github.io/vault-k8s-operator/2689//#testresult/3fb64b0636d2c556","status":"passed","time":{"start":1736783577252,"stop":1736783656486,"duration":79234}},{"uid":"eb9b278464ad99b1","reportUrl":"https://canonical.github.io/vault-k8s-operator/2689//#testresult/eb9b278464ad99b1","status":"passed","time":{"start":1736776535204,"stop":1736776595955,"duration":60751}}]},"tags":["asyncio","abort_on_fail"]},"source":"6221918154613348.json","parameterValues":[]}