{"uid":"f1b7c808c368bba9","name":"test_given_application_is_deployed_and_related_to_s3_integrator_when_create_backup_action_then_backup_is_created","fullName":"tests.integration.test_integration.TestVaultK8sIntegrationsPart2#test_given_application_is_deployed_and_related_to_s3_integrator_when_create_backup_action_then_backup_is_created","historyId":"7d495697ae536a4dc66fcb6b1d225a4f","time":{"start":1736864924239,"stop":1736864924239,"duration":0},"status":"skipped","statusMessage":"XFAIL reason: aborted\n\n_pytest.outcomes.XFailed: aborted","statusTrace":"Traceback (most recent call last):\n  File \"/home/ubuntu/actions-runner/_work/vault-k8s-operator/vault-k8s-operator/.tox/integration/lib/python3.10/site-packages/_pytest/runner.py\", line 341, in from_call\n    result: TResult | None = func()\n  File \"/home/ubuntu/actions-runner/_work/vault-k8s-operator/vault-k8s-operator/.tox/integration/lib/python3.10/site-packages/_pytest/runner.py\", line 242, in <lambda>\n    lambda: runtest_hook(item=item, **kwds), when=when, reraise=reraise\n  File \"/home/ubuntu/actions-runner/_work/vault-k8s-operator/vault-k8s-operator/.tox/integration/lib/python3.10/site-packages/pluggy/_hooks.py\", line 513, in __call__\n    return self._hookexec(self.name, self._hookimpls.copy(), kwargs, firstresult)\n  File \"/home/ubuntu/actions-runner/_work/vault-k8s-operator/vault-k8s-operator/.tox/integration/lib/python3.10/site-packages/pluggy/_manager.py\", line 120, in _hookexec\n    return self._inner_hookexec(hook_name, methods, kwargs, firstresult)\n  File \"/home/ubuntu/actions-runner/_work/vault-k8s-operator/vault-k8s-operator/.tox/integration/lib/python3.10/site-packages/pluggy/_callers.py\", line 182, in _multicall\n    return outcome.get_result()\n  File \"/home/ubuntu/actions-runner/_work/vault-k8s-operator/vault-k8s-operator/.tox/integration/lib/python3.10/site-packages/pluggy/_result.py\", line 100, in get_result\n    raise exc.with_traceback(exc.__traceback__)\n  File \"/home/ubuntu/actions-runner/_work/vault-k8s-operator/vault-k8s-operator/.tox/integration/lib/python3.10/site-packages/pluggy/_callers.py\", line 167, in _multicall\n    teardown.throw(outcome._exception)\n  File \"/home/ubuntu/actions-runner/_work/vault-k8s-operator/vault-k8s-operator/.tox/integration/lib/python3.10/site-packages/_pytest/unraisableexception.py\", line 90, in pytest_runtest_setup\n    yield from unraisable_exception_runtest_hook()\n  File \"/home/ubuntu/actions-runner/_work/vault-k8s-operator/vault-k8s-operator/.tox/integration/lib/python3.10/site-packages/_pytest/unraisableexception.py\", line 70, in unraisable_exception_runtest_hook\n    yield\n  File \"/home/ubuntu/actions-runner/_work/vault-k8s-operator/vault-k8s-operator/.tox/integration/lib/python3.10/site-packages/pluggy/_callers.py\", line 167, in _multicall\n    teardown.throw(outcome._exception)\n  File \"/home/ubuntu/actions-runner/_work/vault-k8s-operator/vault-k8s-operator/.tox/integration/lib/python3.10/site-packages/_pytest/logging.py\", line 840, in pytest_runtest_setup\n    yield from self._runtest_for(item, \"setup\")\n  File \"/home/ubuntu/actions-runner/_work/vault-k8s-operator/vault-k8s-operator/.tox/integration/lib/python3.10/site-packages/_pytest/logging.py\", line 829, in _runtest_for\n    yield\n  File \"/home/ubuntu/actions-runner/_work/vault-k8s-operator/vault-k8s-operator/.tox/integration/lib/python3.10/site-packages/pluggy/_callers.py\", line 167, in _multicall\n    teardown.throw(outcome._exception)\n  File \"/home/ubuntu/actions-runner/_work/vault-k8s-operator/vault-k8s-operator/.tox/integration/lib/python3.10/site-packages/_pytest/capture.py\", line 875, in pytest_runtest_setup\n    return (yield)\n  File \"/home/ubuntu/actions-runner/_work/vault-k8s-operator/vault-k8s-operator/.tox/integration/lib/python3.10/site-packages/pluggy/_callers.py\", line 167, in _multicall\n    teardown.throw(outcome._exception)\n  File \"/home/ubuntu/actions-runner/_work/vault-k8s-operator/vault-k8s-operator/.tox/integration/lib/python3.10/site-packages/_pytest/threadexception.py\", line 87, in pytest_runtest_setup\n    yield from thread_exception_runtest_hook()\n  File \"/home/ubuntu/actions-runner/_work/vault-k8s-operator/vault-k8s-operator/.tox/integration/lib/python3.10/site-packages/_pytest/threadexception.py\", line 68, in thread_exception_runtest_hook\n    yield\n  File \"/home/ubuntu/actions-runner/_work/vault-k8s-operator/vault-k8s-operator/.tox/integration/lib/python3.10/site-packages/pluggy/_callers.py\", line 103, in _multicall\n    res = hook_impl.function(*args)\n  File \"/home/ubuntu/actions-runner/_work/vault-k8s-operator/vault-k8s-operator/.tox/integration/lib/python3.10/site-packages/_pytest/runner.py\", line 160, in pytest_runtest_setup\n    item.session._setupstate.setup(item)\n  File \"/home/ubuntu/actions-runner/_work/vault-k8s-operator/vault-k8s-operator/.tox/integration/lib/python3.10/site-packages/_pytest/runner.py\", line 514, in setup\n    col.setup()\n  File \"/home/ubuntu/actions-runner/_work/vault-k8s-operator/vault-k8s-operator/.tox/integration/lib/python3.10/site-packages/_pytest/python.py\", line 1630, in setup\n    self._request._fillfixtures()\n  File \"/home/ubuntu/actions-runner/_work/vault-k8s-operator/vault-k8s-operator/.tox/integration/lib/python3.10/site-packages/_pytest/fixtures.py\", line 697, in _fillfixtures\n    item.funcargs[argname] = self.getfixturevalue(argname)\n  File \"/home/ubuntu/actions-runner/_work/vault-k8s-operator/vault-k8s-operator/.tox/integration/lib/python3.10/site-packages/_pytest/fixtures.py\", line 532, in getfixturevalue\n    fixturedef = self._get_active_fixturedef(argname)\n  File \"/home/ubuntu/actions-runner/_work/vault-k8s-operator/vault-k8s-operator/.tox/integration/lib/python3.10/site-packages/_pytest/fixtures.py\", line 617, in _get_active_fixturedef\n    fixturedef.execute(request=subrequest)\n  File \"/home/ubuntu/actions-runner/_work/vault-k8s-operator/vault-k8s-operator/.tox/integration/lib/python3.10/site-packages/_pytest/fixtures.py\", line 1091, in execute\n    result = ihook.pytest_fixture_setup(fixturedef=self, request=request)\n  File \"/home/ubuntu/actions-runner/_work/vault-k8s-operator/vault-k8s-operator/.tox/integration/lib/python3.10/site-packages/pluggy/_hooks.py\", line 513, in __call__\n    return self._hookexec(self.name, self._hookimpls.copy(), kwargs, firstresult)\n  File \"/home/ubuntu/actions-runner/_work/vault-k8s-operator/vault-k8s-operator/.tox/integration/lib/python3.10/site-packages/pluggy/_manager.py\", line 120, in _hookexec\n    return self._inner_hookexec(hook_name, methods, kwargs, firstresult)\n  File \"/home/ubuntu/actions-runner/_work/vault-k8s-operator/vault-k8s-operator/.tox/integration/lib/python3.10/site-packages/pluggy/_callers.py\", line 182, in _multicall\n    return outcome.get_result()\n  File \"/home/ubuntu/actions-runner/_work/vault-k8s-operator/vault-k8s-operator/.tox/integration/lib/python3.10/site-packages/pluggy/_result.py\", line 100, in get_result\n    raise exc.with_traceback(exc.__traceback__)\n  File \"/home/ubuntu/actions-runner/_work/vault-k8s-operator/vault-k8s-operator/.tox/integration/lib/python3.10/site-packages/pluggy/_callers.py\", line 167, in _multicall\n    teardown.throw(outcome._exception)\n  File \"/home/ubuntu/actions-runner/_work/vault-k8s-operator/vault-k8s-operator/.tox/integration/lib/python3.10/site-packages/_pytest/setuponly.py\", line 36, in pytest_fixture_setup\n    return (yield)\n  File \"/home/ubuntu/actions-runner/_work/vault-k8s-operator/vault-k8s-operator/.tox/integration/lib/python3.10/site-packages/pluggy/_callers.py\", line 103, in _multicall\n    res = hook_impl.function(*args)\n  File \"/home/ubuntu/actions-runner/_work/vault-k8s-operator/vault-k8s-operator/.tox/integration/lib/python3.10/site-packages/_pytest/fixtures.py\", line 1140, in pytest_fixture_setup\n    result = call_fixture_func(fixturefunc, request, kwargs)\n  File \"/home/ubuntu/actions-runner/_work/vault-k8s-operator/vault-k8s-operator/.tox/integration/lib/python3.10/site-packages/_pytest/fixtures.py\", line 891, in call_fixture_func\n    fixture_result = next(generator)\n  File \"/home/ubuntu/actions-runner/_work/vault-k8s-operator/vault-k8s-operator/.tox/integration/lib/python3.10/site-packages/pytest_operator/plugin.py\", line 243, in abort_on_fail\n    pytest.xfail(\"aborted\")\n  File \"/home/ubuntu/actions-runner/_work/vault-k8s-operator/vault-k8s-operator/.tox/integration/lib/python3.10/site-packages/_pytest/outcomes.py\", line 206, in xfail\n    raise XFailed(reason)\n_pytest.outcomes.XFailed: aborted","flaky":false,"newFailed":false,"newBroken":false,"newPassed":false,"retriesCount":0,"retriesStatusChange":false,"beforeStages":[{"name":"event_loop","time":{"start":1736864041037,"stop":1736864041038,"duration":1},"status":"passed","steps":[],"attachments":[],"parameters":[],"hasContent":false,"shouldDisplayMessage":false,"stepsCount":0,"attachmentsCount":0},{"name":"ops_test","time":{"start":1736864041038,"stop":1736864041555,"duration":517},"status":"passed","steps":[],"attachments":[],"parameters":[],"hasContent":false,"shouldDisplayMessage":false,"stepsCount":0,"attachmentsCount":0},{"name":"tmp_path_factory","time":{"start":1736864041038,"stop":1736864041038,"duration":0},"status":"passed","steps":[],"attachments":[],"parameters":[],"hasContent":false,"shouldDisplayMessage":false,"stepsCount":0,"attachmentsCount":0},{"name":"deployed_vault","time":{"start":1736864041555,"stop":1736864757006,"duration":715451},"status":"passed","steps":[],"attachments":[],"parameters":[],"hasContent":false,"shouldDisplayMessage":false,"stepsCount":0,"attachmentsCount":0},{"name":"deployed_vault_initialized_leader","time":{"start":1736864757007,"stop":1736864766830,"duration":9823},"status":"passed","steps":[],"attachments":[],"parameters":[],"hasContent":false,"shouldDisplayMessage":false,"stepsCount":0,"attachmentsCount":0},{"name":"deploy_requiring_charms","time":{"start":1736864924239,"stop":1736864999924,"duration":75685},"status":"passed","steps":[],"attachments":[],"parameters":[],"hasContent":false,"shouldDisplayMessage":false,"stepsCount":0,"attachmentsCount":0},{"name":"abort_on_fail","time":{"start":1736864999925,"stop":1736864999925,"duration":0},"status":"failed","statusMessage":"_pytest.outcomes.XFailed: aborted\n","statusTrace":"  File \"/home/ubuntu/actions-runner/_work/vault-k8s-operator/vault-k8s-operator/.tox/integration/lib/python3.10/site-packages/pluggy/_callers.py\", line 167, in _multicall\n    teardown.throw(outcome._exception)\n  File \"/home/ubuntu/actions-runner/_work/vault-k8s-operator/vault-k8s-operator/.tox/integration/lib/python3.10/site-packages/_pytest/setuponly.py\", line 36, in pytest_fixture_setup\n    return (yield)\n  File \"/home/ubuntu/actions-runner/_work/vault-k8s-operator/vault-k8s-operator/.tox/integration/lib/python3.10/site-packages/pluggy/_callers.py\", line 103, in _multicall\n    res = hook_impl.function(*args)\n  File \"/home/ubuntu/actions-runner/_work/vault-k8s-operator/vault-k8s-operator/.tox/integration/lib/python3.10/site-packages/_pytest/fixtures.py\", line 1140, in pytest_fixture_setup\n    result = call_fixture_func(fixturefunc, request, kwargs)\n  File \"/home/ubuntu/actions-runner/_work/vault-k8s-operator/vault-k8s-operator/.tox/integration/lib/python3.10/site-packages/_pytest/fixtures.py\", line 891, in call_fixture_func\n    fixture_result = next(generator)\n  File \"/home/ubuntu/actions-runner/_work/vault-k8s-operator/vault-k8s-operator/.tox/integration/lib/python3.10/site-packages/pytest_operator/plugin.py\", line 243, in abort_on_fail\n    pytest.xfail(\"aborted\")\n  File \"/home/ubuntu/actions-runner/_work/vault-k8s-operator/vault-k8s-operator/.tox/integration/lib/python3.10/site-packages/_pytest/outcomes.py\", line 206, in xfail\n    raise XFailed(reason)\n","steps":[],"attachments":[],"parameters":[],"hasContent":true,"shouldDisplayMessage":true,"stepsCount":0,"attachmentsCount":0}],"testStage":{"status":"skipped","statusMessage":"XFAIL reason: aborted\n\n_pytest.outcomes.XFailed: aborted","statusTrace":"Traceback (most recent call last):\n  File \"/home/ubuntu/actions-runner/_work/vault-k8s-operator/vault-k8s-operator/.tox/integration/lib/python3.10/site-packages/_pytest/runner.py\", line 341, in from_call\n    result: TResult | None = func()\n  File \"/home/ubuntu/actions-runner/_work/vault-k8s-operator/vault-k8s-operator/.tox/integration/lib/python3.10/site-packages/_pytest/runner.py\", line 242, in <lambda>\n    lambda: runtest_hook(item=item, **kwds), when=when, reraise=reraise\n  File \"/home/ubuntu/actions-runner/_work/vault-k8s-operator/vault-k8s-operator/.tox/integration/lib/python3.10/site-packages/pluggy/_hooks.py\", line 513, in __call__\n    return self._hookexec(self.name, self._hookimpls.copy(), kwargs, firstresult)\n  File \"/home/ubuntu/actions-runner/_work/vault-k8s-operator/vault-k8s-operator/.tox/integration/lib/python3.10/site-packages/pluggy/_manager.py\", line 120, in _hookexec\n    return self._inner_hookexec(hook_name, methods, kwargs, firstresult)\n  File \"/home/ubuntu/actions-runner/_work/vault-k8s-operator/vault-k8s-operator/.tox/integration/lib/python3.10/site-packages/pluggy/_callers.py\", line 182, in _multicall\n    return outcome.get_result()\n  File \"/home/ubuntu/actions-runner/_work/vault-k8s-operator/vault-k8s-operator/.tox/integration/lib/python3.10/site-packages/pluggy/_result.py\", line 100, in get_result\n    raise exc.with_traceback(exc.__traceback__)\n  File \"/home/ubuntu/actions-runner/_work/vault-k8s-operator/vault-k8s-operator/.tox/integration/lib/python3.10/site-packages/pluggy/_callers.py\", line 167, in _multicall\n    teardown.throw(outcome._exception)\n  File \"/home/ubuntu/actions-runner/_work/vault-k8s-operator/vault-k8s-operator/.tox/integration/lib/python3.10/site-packages/_pytest/unraisableexception.py\", line 90, in pytest_runtest_setup\n    yield from unraisable_exception_runtest_hook()\n  File \"/home/ubuntu/actions-runner/_work/vault-k8s-operator/vault-k8s-operator/.tox/integration/lib/python3.10/site-packages/_pytest/unraisableexception.py\", line 70, in unraisable_exception_runtest_hook\n    yield\n  File \"/home/ubuntu/actions-runner/_work/vault-k8s-operator/vault-k8s-operator/.tox/integration/lib/python3.10/site-packages/pluggy/_callers.py\", line 167, in _multicall\n    teardown.throw(outcome._exception)\n  File \"/home/ubuntu/actions-runner/_work/vault-k8s-operator/vault-k8s-operator/.tox/integration/lib/python3.10/site-packages/_pytest/logging.py\", line 840, in pytest_runtest_setup\n    yield from self._runtest_for(item, \"setup\")\n  File \"/home/ubuntu/actions-runner/_work/vault-k8s-operator/vault-k8s-operator/.tox/integration/lib/python3.10/site-packages/_pytest/logging.py\", line 829, in _runtest_for\n    yield\n  File \"/home/ubuntu/actions-runner/_work/vault-k8s-operator/vault-k8s-operator/.tox/integration/lib/python3.10/site-packages/pluggy/_callers.py\", line 167, in _multicall\n    teardown.throw(outcome._exception)\n  File \"/home/ubuntu/actions-runner/_work/vault-k8s-operator/vault-k8s-operator/.tox/integration/lib/python3.10/site-packages/_pytest/capture.py\", line 875, in pytest_runtest_setup\n    return (yield)\n  File \"/home/ubuntu/actions-runner/_work/vault-k8s-operator/vault-k8s-operator/.tox/integration/lib/python3.10/site-packages/pluggy/_callers.py\", line 167, in _multicall\n    teardown.throw(outcome._exception)\n  File \"/home/ubuntu/actions-runner/_work/vault-k8s-operator/vault-k8s-operator/.tox/integration/lib/python3.10/site-packages/_pytest/threadexception.py\", line 87, in pytest_runtest_setup\n    yield from thread_exception_runtest_hook()\n  File \"/home/ubuntu/actions-runner/_work/vault-k8s-operator/vault-k8s-operator/.tox/integration/lib/python3.10/site-packages/_pytest/threadexception.py\", line 68, in thread_exception_runtest_hook\n    yield\n  File \"/home/ubuntu/actions-runner/_work/vault-k8s-operator/vault-k8s-operator/.tox/integration/lib/python3.10/site-packages/pluggy/_callers.py\", line 103, in _multicall\n    res = hook_impl.function(*args)\n  File \"/home/ubuntu/actions-runner/_work/vault-k8s-operator/vault-k8s-operator/.tox/integration/lib/python3.10/site-packages/_pytest/runner.py\", line 160, in pytest_runtest_setup\n    item.session._setupstate.setup(item)\n  File \"/home/ubuntu/actions-runner/_work/vault-k8s-operator/vault-k8s-operator/.tox/integration/lib/python3.10/site-packages/_pytest/runner.py\", line 514, in setup\n    col.setup()\n  File \"/home/ubuntu/actions-runner/_work/vault-k8s-operator/vault-k8s-operator/.tox/integration/lib/python3.10/site-packages/_pytest/python.py\", line 1630, in setup\n    self._request._fillfixtures()\n  File \"/home/ubuntu/actions-runner/_work/vault-k8s-operator/vault-k8s-operator/.tox/integration/lib/python3.10/site-packages/_pytest/fixtures.py\", line 697, in _fillfixtures\n    item.funcargs[argname] = self.getfixturevalue(argname)\n  File \"/home/ubuntu/actions-runner/_work/vault-k8s-operator/vault-k8s-operator/.tox/integration/lib/python3.10/site-packages/_pytest/fixtures.py\", line 532, in getfixturevalue\n    fixturedef = self._get_active_fixturedef(argname)\n  File \"/home/ubuntu/actions-runner/_work/vault-k8s-operator/vault-k8s-operator/.tox/integration/lib/python3.10/site-packages/_pytest/fixtures.py\", line 617, in _get_active_fixturedef\n    fixturedef.execute(request=subrequest)\n  File \"/home/ubuntu/actions-runner/_work/vault-k8s-operator/vault-k8s-operator/.tox/integration/lib/python3.10/site-packages/_pytest/fixtures.py\", line 1091, in execute\n    result = ihook.pytest_fixture_setup(fixturedef=self, request=request)\n  File \"/home/ubuntu/actions-runner/_work/vault-k8s-operator/vault-k8s-operator/.tox/integration/lib/python3.10/site-packages/pluggy/_hooks.py\", line 513, in __call__\n    return self._hookexec(self.name, self._hookimpls.copy(), kwargs, firstresult)\n  File \"/home/ubuntu/actions-runner/_work/vault-k8s-operator/vault-k8s-operator/.tox/integration/lib/python3.10/site-packages/pluggy/_manager.py\", line 120, in _hookexec\n    return self._inner_hookexec(hook_name, methods, kwargs, firstresult)\n  File \"/home/ubuntu/actions-runner/_work/vault-k8s-operator/vault-k8s-operator/.tox/integration/lib/python3.10/site-packages/pluggy/_callers.py\", line 182, in _multicall\n    return outcome.get_result()\n  File \"/home/ubuntu/actions-runner/_work/vault-k8s-operator/vault-k8s-operator/.tox/integration/lib/python3.10/site-packages/pluggy/_result.py\", line 100, in get_result\n    raise exc.with_traceback(exc.__traceback__)\n  File \"/home/ubuntu/actions-runner/_work/vault-k8s-operator/vault-k8s-operator/.tox/integration/lib/python3.10/site-packages/pluggy/_callers.py\", line 167, in _multicall\n    teardown.throw(outcome._exception)\n  File \"/home/ubuntu/actions-runner/_work/vault-k8s-operator/vault-k8s-operator/.tox/integration/lib/python3.10/site-packages/_pytest/setuponly.py\", line 36, in pytest_fixture_setup\n    return (yield)\n  File \"/home/ubuntu/actions-runner/_work/vault-k8s-operator/vault-k8s-operator/.tox/integration/lib/python3.10/site-packages/pluggy/_callers.py\", line 103, in _multicall\n    res = hook_impl.function(*args)\n  File \"/home/ubuntu/actions-runner/_work/vault-k8s-operator/vault-k8s-operator/.tox/integration/lib/python3.10/site-packages/_pytest/fixtures.py\", line 1140, in pytest_fixture_setup\n    result = call_fixture_func(fixturefunc, request, kwargs)\n  File \"/home/ubuntu/actions-runner/_work/vault-k8s-operator/vault-k8s-operator/.tox/integration/lib/python3.10/site-packages/_pytest/fixtures.py\", line 891, in call_fixture_func\n    fixture_result = next(generator)\n  File \"/home/ubuntu/actions-runner/_work/vault-k8s-operator/vault-k8s-operator/.tox/integration/lib/python3.10/site-packages/pytest_operator/plugin.py\", line 243, in abort_on_fail\n    pytest.xfail(\"aborted\")\n  File \"/home/ubuntu/actions-runner/_work/vault-k8s-operator/vault-k8s-operator/.tox/integration/lib/python3.10/site-packages/_pytest/outcomes.py\", line 206, in xfail\n    raise XFailed(reason)\n_pytest.outcomes.XFailed: aborted","steps":[],"attachments":[{"uid":"f8a4af95c4888c2c","name":"log","source":"f8a4af95c4888c2c.txt","type":"text/plain","size":917}],"parameters":[],"hasContent":true,"shouldDisplayMessage":true,"stepsCount":0,"attachmentsCount":1},"afterStages":[{"name":"deploy_requiring_charms::finalizer","time":{"start":1736864999939,"stop":1736864999999,"duration":60},"status":"passed","steps":[],"attachments":[],"parameters":[],"hasContent":false,"shouldDisplayMessage":false,"stepsCount":0,"attachmentsCount":0},{"name":"ops_test::finalizer","time":{"start":1736865097848,"stop":1736865103330,"duration":5482},"status":"passed","steps":[],"attachments":[],"parameters":[],"hasContent":false,"shouldDisplayMessage":false,"stepsCount":0,"attachmentsCount":0},{"name":"event_loop::2","time":{"start":1736865103331,"stop":1736865103332,"duration":1},"status":"passed","steps":[],"attachments":[],"parameters":[],"hasContent":false,"shouldDisplayMessage":false,"stepsCount":0,"attachmentsCount":0},{"name":"event_loop::_close_event_loop","time":{"start":1736865103332,"stop":1736865103332,"duration":0},"status":"passed","steps":[],"attachments":[],"parameters":[],"hasContent":false,"shouldDisplayMessage":false,"stepsCount":0,"attachmentsCount":0},{"name":"event_loop::_provide_clean_event_loop","time":{"start":1736865103332,"stop":1736865103332,"duration":0},"status":"passed","steps":[],"attachments":[],"parameters":[],"hasContent":false,"shouldDisplayMessage":false,"stepsCount":0,"attachmentsCount":0}],"labels":[{"name":"tag","value":"abort_on_fail"},{"name":"tag","value":"asyncio"},{"name":"parentSuite","value":"tests.integration"},{"name":"suite","value":"test_integration"},{"name":"subSuite","value":"TestVaultK8sIntegrationsPart2"},{"name":"host","value":"github-runner"},{"name":"thread","value":"24637-MainThread"},{"name":"framework","value":"pytest"},{"name":"language","value":"cpython3"},{"name":"package","value":"tests.integration.test_integration"},{"name":"resultFormat","value":"allure2"}],"parameters":[],"links":[],"hidden":false,"retry":false,"extra":{"severity":"normal","retries":[],"categories":[],"history":{"statistic":{"failed":0,"broken":0,"skipped":1,"passed":7,"unknown":0,"total":8},"items":[{"uid":"7d0419cf7e68cebb","reportUrl":"https://canonical.github.io/vault-k8s-operator/2711//#testresult/7d0419cf7e68cebb","status":"passed","time":{"start":1736854888496,"stop":1736855048403,"duration":159907}},{"uid":"9313fe4e04698ed0","reportUrl":"https://canonical.github.io/vault-k8s-operator/2710//#testresult/9313fe4e04698ed0","status":"passed","time":{"start":1736807684051,"stop":1736807764455,"duration":80404}},{"uid":"7a5407cd75ef6cc7","reportUrl":"https://canonical.github.io/vault-k8s-operator/2709//#testresult/7a5407cd75ef6cc7","status":"passed","time":{"start":1736803480493,"stop":1736803552116,"duration":71623}},{"uid":"371df964fc7dd68f","reportUrl":"https://canonical.github.io/vault-k8s-operator/2708//#testresult/371df964fc7dd68f","status":"passed","time":{"start":1736800036875,"stop":1736800298726,"duration":261851}},{"uid":"3680ea63de6e2547","reportUrl":"https://canonical.github.io/vault-k8s-operator/2707//#testresult/3680ea63de6e2547","status":"passed","time":{"start":1736798095598,"stop":1736798165741,"duration":70143}},{"uid":"938e071d18b6ce77","reportUrl":"https://canonical.github.io/vault-k8s-operator/2689//#testresult/938e071d18b6ce77","status":"passed","time":{"start":1736783250617,"stop":1736783331757,"duration":81140}},{"uid":"8006f8ded587ed8e","reportUrl":"https://canonical.github.io/vault-k8s-operator/2689//#testresult/8006f8ded587ed8e","status":"passed","time":{"start":1736776121963,"stop":1736776300134,"duration":178171}}]},"tags":["asyncio","abort_on_fail"]},"source":"f1b7c808c368bba9.json","parameterValues":[]}