[33mWARNING [0m juju.client.connection:connection.py:858 unexpected facade SSHServer received from the controller
[32mINFO    [0m pytest_operator.plugin:plugin.py:753 Adding model github-pr-35ed5-microk8s:test-upgrade-latest-8bt1 on cloud microk8s
[33mWARNING [0m juju.client.connection:connection.py:858 unexpected facade SSHServer received from the controller
[33mWARNING [0m juju.client.connection:connection.py:858 unexpected facade SSHSession received from the controller
[33mWARNING [0m juju.client.connection:connection.py:858 unexpected facade SSHTunneler received from the controller
[32mINFO    [0m test_upgrade_latest:test_upgrade_latest.py:29 Deploying vault from Charmhub
[32mINFO    [0m juju.model:__init__.py:2301 Deploying local:vault-k8s-0
[32mINFO    [0m juju.model:__init__.py:3254 Waiting for model:
  vault-k8s (waiting for exactly 3 units, current : 2)
[32mINFO    [0m juju.model:__init__.py:3254 Waiting for model:
  vault-k8s/0 [executing] waiting: Waiting for CA certificate to be accessible in the charm
  vault-k8s/1 [allocating] waiting: agent initialising
  vault-k8s/2 [allocating] waiting: installing agent
[32mINFO    [0m juju.model:__init__.py:3254 Waiting for model:
  vault-k8s/0 [idle] blocked: Please initialize Vault or integrate with an auto-unseal provider
  vault-k8s/1 [idle] blocked: Please initialize Vault or integrate with an auto-unseal provider
  vault-k8s/2 [executing] blocked: Please initialize Vault or integrate with an auto-unseal provider
[32mINFO    [0m helpers:helpers.py:215 Vault initialized
[32mINFO    [0m tests.integration.vault:vault.py:94 Unsealed vault unit: https://10.1.98.16:8200.
[32mINFO    [0m tests.integration.vault:vault.py:76 Vault unit is unsealed.
[32mINFO    [0m tests.integration.vault:vault.py:76 Vault unit is unsealed.
[32mINFO    [0m tests.integration.vault:vault.py:94 Unsealed vault unit: https://10.1.98.23:8200.
[32mINFO    [0m tests.integration.vault:vault.py:76 Vault unit is unsealed.
[32mINFO    [0m tests.integration.vault:vault.py:94 Unsealed vault unit: https://10.1.98.24:8200.
[32mINFO    [0m tests.integration.vault:vault.py:76 Vault unit is unsealed.
[33mWARNING [0m helpers:helpers.py:301 Failed to authorize charm. Attempt 1/12. Waiting for 5 seconds...
[32mINFO    [0m juju.model:__init__.py:3254 Waiting for model:
  vault-k8s/0 [idle] active: 
  vault-k8s/1 [idle] blocked: Please authorize charm (see `authorize-charm` action)
  vault-k8s/2 [idle] blocked: Please authorize charm (see `authorize-charm` action)
[32mINFO    [0m helpers:helpers.py:246 Charm authorized
[32mINFO    [0m juju.model:__init__.py:3254 Waiting for model:
  vault-k8s/0 [idle] active: 
  vault-k8s/1 [idle] blocked: Please authorize charm (see `authorize-charm` action)
  vault-k8s/2 [idle] blocked: Please authorize charm (see `authorize-charm` action)
[32mINFO    [0m juju.model:__init__.py:3254 Waiting for model:
  vault-k8s/0 [idle] active: 
  vault-k8s/1 [idle] blocked: Please authorize charm (see `authorize-charm` action)
  vault-k8s/2 [idle] blocked: Please authorize charm (see `authorize-charm` action)
[32mINFO    [0m juju.model:__init__.py:3254 Waiting for model:
  vault-k8s/0 [idle] active: 
  vault-k8s/1 [idle] blocked: Please authorize charm (see `authorize-charm` action)
  vault-k8s/2 [idle] blocked: Please authorize charm (see `authorize-charm` action)
[32mINFO    [0m juju.model:__init__.py:3254 Waiting for model:
  vault-k8s/0 [idle] active: 
  vault-k8s/1 [idle] blocked: Please authorize charm (see `authorize-charm` action)
  vault-k8s/2 [idle] blocked: Please authorize charm (see `authorize-charm` action)
[32mINFO    [0m juju.model:__init__.py:3254 Waiting for model:
  vault-k8s/0 [idle] active: 
  vault-k8s/1 [idle] blocked: Please authorize charm (see `authorize-charm` action)
  vault-k8s/2 [idle] blocked: Please authorize charm (see `authorize-charm` action)
[32mINFO    [0m juju.model:__init__.py:3254 Waiting for model:
  vault-k8s/0 [idle] active: 
  vault-k8s/1 [idle] blocked: Please authorize charm (see `authorize-charm` action)
  vault-k8s/2 [idle] blocked: Please authorize charm (see `authorize-charm` action)
[32mINFO    [0m juju.model:__init__.py:3254 Waiting for model:
  vault-k8s/0 [idle] active: 
  vault-k8s/1 [idle] blocked: Please authorize charm (see `authorize-charm` action)
  vault-k8s/2 [idle] blocked: Please authorize charm (see `authorize-charm` action)
[32mINFO    [0m juju.model:__init__.py:3254 Waiting for model:
  vault-k8s/0 [idle] active: 
  vault-k8s/1 [idle] blocked: Please authorize charm (see `authorize-charm` action)
  vault-k8s/2 [idle] blocked: Please authorize charm (see `authorize-charm` action)
[32mINFO    [0m juju.model:__init__.py:3254 Waiting for model:
  vault-k8s/0 [idle] active: 
  vault-k8s/1 [idle] blocked: Please authorize charm (see `authorize-charm` action)
  vault-k8s/2 [idle] blocked: Please authorize charm (see `authorize-charm` action)
[32mINFO    [0m juju.model:__init__.py:3254 Waiting for model:
  vault-k8s/0 [idle] active: 
  vault-k8s/1 [idle] blocked: Please authorize charm (see `authorize-charm` action)
  vault-k8s/2 [idle] blocked: Please authorize charm (see `authorize-charm` action)
[32mINFO    [0m juju.model:__init__.py:3254 Waiting for model:
  vault-k8s/0 [idle] active: 
  vault-k8s/1 [idle] blocked: Please authorize charm (see `authorize-charm` action)
  vault-k8s/2 [idle] blocked: Please authorize charm (see `authorize-charm` action)
[32mINFO    [0m juju.model:__init__.py:3254 Waiting for model:
  vault-k8s/0 [idle] active: 
  vault-k8s/1 [idle] blocked: Please authorize charm (see `authorize-charm` action)
  vault-k8s/2 [idle] active: 
[32mINFO    [0m juju.model:__init__.py:3254 Waiting for model:
  vault-k8s/0 [idle] active: 
  vault-k8s/1 [idle] active: 
  vault-k8s/2 [idle] active: 
[32mINFO    [0m test_upgrade_latest:test_upgrade_latest.py:52 Refreshing vault from built charm
[32mINFO    [0m test_upgrade_latest:test_upgrade_latest.py:55 Waiting for vault to be blocked after refresh
[32mINFO    [0m juju.model:__init__.py:3254 Waiting for model:
  vault-k8s/0 [idle] active: 
  vault-k8s/1 [idle] active: 
  vault-k8s/2 [idle] active: 
[32mINFO    [0m juju.model:__init__.py:3254 Waiting for model:
  vault-k8s/0 [idle] active: 
  vault-k8s/1 [idle] maintenance: 
  vault-k8s/2 [executing] blocked: Please unseal Vault
[32mINFO    [0m juju.model:__init__.py:3254 Waiting for model:
  vault-k8s/0 [idle] maintenance: 
  vault-k8s/1 [idle] blocked: Please unseal Vault
[32mINFO    [0m juju.model:__init__.py:3254 Waiting for model:
  vault-k8s/0 [idle] blocked: Please unseal Vault
[32mINFO    [0m tests.integration.vault:vault.py:94 Unsealed vault unit: https://10.1.98.27:8200.
[32mINFO    [0m tests.integration.vault:vault.py:76 Vault unit is unsealed.
[32mINFO    [0m tests.integration.vault:vault.py:76 Vault unit is unsealed.
[32mINFO    [0m tests.integration.vault:vault.py:94 Unsealed vault unit: https://10.1.98.26:8200.
[32mINFO    [0m tests.integration.vault:vault.py:76 Vault unit is unsealed.
[32mINFO    [0m tests.integration.vault:vault.py:94 Unsealed vault unit: https://10.1.98.25:8200.
[32mINFO    [0m tests.integration.vault:vault.py:76 Vault unit is unsealed.
[32mINFO    [0m test_upgrade_latest:test_upgrade_latest.py:68 Waiting for vault to be active after refresh
[32mINFO    [0m juju.model:__init__.py:3254 Waiting for model:
  vault-k8s/0 [idle] active: 
  vault-k8s/1 [idle] blocked: Please unseal Vault
  vault-k8s/2 [idle] blocked: Please unseal Vault
[32mINFO    [0m juju.model:__init__.py:3254 Waiting for model:
  vault-k8s/0 [idle] active: 
  vault-k8s/1 [idle] blocked: Please unseal Vault
  vault-k8s/2 [idle] blocked: Please unseal Vault
[32mINFO    [0m juju.model:__init__.py:3254 Waiting for model:
  vault-k8s/0 [idle] active: 
  vault-k8s/1 [idle] blocked: Please unseal Vault
  vault-k8s/2 [idle] blocked: Please unseal Vault
[32mINFO    [0m juju.model:__init__.py:3254 Waiting for model:
  vault-k8s/0 [idle] active: 
  vault-k8s/1 [idle] blocked: Please unseal Vault
  vault-k8s/2 [idle] blocked: Please unseal Vault
[32mINFO    [0m juju.model:__init__.py:3254 Waiting for model:
  vault-k8s/0 [idle] active: 
  vault-k8s/1 [idle] blocked: Please unseal Vault
  vault-k8s/2 [idle] blocked: Please unseal Vault
[32mINFO    [0m juju.model:__init__.py:3254 Waiting for model:
  vault-k8s/0 [idle] active: 
  vault-k8s/1 [idle] blocked: Please unseal Vault
  vault-k8s/2 [idle] blocked: Please unseal Vault
[32mINFO    [0m juju.model:__init__.py:3254 Waiting for model:
  vault-k8s/0 [idle] active: 
  vault-k8s/1 [idle] blocked: Please unseal Vault
  vault-k8s/2 [idle] blocked: Please unseal Vault
[32mINFO    [0m juju.model:__init__.py:3254 Waiting for model:
  vault-k8s/0 [idle] active: 
  vault-k8s/1 [idle] blocked: Please unseal Vault
  vault-k8s/2 [idle] blocked: Please unseal Vault
[32mINFO    [0m juju.model:__init__.py:3254 Waiting for model:
  vault-k8s/0 [idle] active: 
  vault-k8s/1 [idle] blocked: Please unseal Vault
  vault-k8s/2 [idle] blocked: Please unseal Vault
[32mINFO    [0m juju.model:__init__.py:3254 Waiting for model:
  vault-k8s/0 [idle] active: 
  vault-k8s/1 [idle] blocked: Please unseal Vault
  vault-k8s/2 [idle] blocked: Please unseal Vault
[32mINFO    [0m juju.model:__init__.py:3254 Waiting for model:
  vault-k8s/0 [idle] active: 
  vault-k8s/1 [idle] blocked: Please unseal Vault
  vault-k8s/2 [idle] active:
[32mINFO    [0m pytest_operator.plugin:plugin.py:937 Model status:

Model                     Controller                Cloud/Region        Version  SLA          Timestamp
test-upgrade-latest-8bt1  github-pr-35ed5-microk8s  microk8s/localhost  3.6.8    unsupported  08:29:16Z

App        Version  Status  Scale  Charm      Channel  Rev  Address        Exposed  Message
vault-k8s           active      3  vault-k8s             0  10.152.183.84  no       

Unit          Workload  Agent  Address     Ports  Message
vault-k8s/0*  active    idle   10.1.98.27         
vault-k8s/1   active    idle   10.1.98.26         
vault-k8s/2   active    idle   10.1.98.25         

[32mINFO    [0m pytest_operator.plugin:plugin.py:943 Juju error logs:

unit-vault-k8s-1: 08:14:18 ERROR unit.vault-k8s/1.juju-log [vault_client] Error while checking Vault health status: HTTPSConnectionPool(host='vault-k8s-1.vault-k8s-endpoints.test-upgrade-latest-8bt1.svc.cluster.local', port=8200): Max retries exceeded with url: /v1/sys/health (Caused by NewConnectionError('<urllib3.connection.HTTPSConnection object at 0x7f0be9f38bf0>: Failed to establish a new connection: [Errno 111] Connection refused'))
unit-vault-k8s-1: 08:14:19 ERROR unit.vault-k8s/1.juju-log [vault_client] Error while checking Vault health status: HTTPSConnectionPool(host='vault-k8s-1.vault-k8s-endpoints.test-upgrade-latest-8bt1.svc.cluster.local', port=8200): Max retries exceeded with url: /v1/sys/health (Caused by NewConnectionError('<urllib3.connection.HTTPSConnection object at 0x7f51128e06e0>: Failed to establish a new connection: [Errno 111] Connection refused'))
unit-vault-k8s-2: 08:14:20 ERROR unit.vault-k8s/2.juju-log [vault_client] Error while checking Vault health status: HTTPSConnectionPool(host='vault-k8s-2.vault-k8s-endpoints.test-upgrade-latest-8bt1.svc.cluster.local', port=8200): Max retries exceeded with url: /v1/sys/health (Caused by NewConnectionError('<urllib3.connection.HTTPSConnection object at 0x7f55d6ba4bc0>: Failed to establish a new connection: [Errno 111] Connection refused'))
unit-vault-k8s-1: 08:14:21 ERROR unit.vault-k8s/1.juju-log vault-peers:0: [vault_client] Error while checking Vault health status: HTTPSConnectionPool(host='vault-k8s-1.vault-k8s-endpoints.test-upgrade-latest-8bt1.svc.cluster.local', port=8200): Max retries exceeded with url: /v1/sys/health (Caused by NewConnectionError('<urllib3.connection.HTTPSConnection object at 0x7fd35bdf0560>: Failed to establish a new connection: [Errno 111] Connection refused'))
unit-vault-k8s-2: 08:14:21 ERROR unit.vault-k8s/2.juju-log [vault_client] Error while checking Vault health status: HTTPSConnectionPool(host='vault-k8s-2.vault-k8s-endpoints.test-upgrade-latest-8bt1.svc.cluster.local', port=8200): Max retries exceeded with url: /v1/sys/health (Caused by NewConnectionError('<urllib3.connection.HTTPSConnection object at 0x7f5f2fc1a6f0>: Failed to establish a new connection: [Errno 111] Connection refused'))
unit-vault-k8s-2: 08:14:23 ERROR unit.vault-k8s/2.juju-log vault-peers:0: [vault_client] Error while checking Vault health status: HTTPSConnectionPool(host='vault-k8s-2.vault-k8s-endpoints.test-upgrade-latest-8bt1.svc.cluster.local', port=8200): Max retries exceeded with url: /v1/sys/health (Caused by NewConnectionError('<urllib3.connection.HTTPSConnection object at 0x7fc5767f4740>: Failed to establish a new connection: [Errno 111] Connection refused'))
unit-vault-k8s-0: 08:15:19 ERROR unit.vault-k8s/0.juju-log Error getting secret None: ERROR secrets "d20un5la95ds7bk5hpt0-1" is forbidden: User "system:serviceaccount:test-upgrade-latest-8bt1:unit-vault-k8s-0" cannot get resource "secrets" in API group "" in the namespace "test-upgrade-latest-8bt1"

unit-vault-k8s-0: 08:15:19 ERROR unit.vault-k8s/0.juju-log Uncaught exception while in charm code:
Traceback (most recent call last):
  File "/var/lib/juju/agents/unit-vault-k8s-0/charm/venv/lib/python3.12/site-packages/ops/model.py", line 3617, in _run
    result = subprocess.run(args, **kwargs)  # type: ignore
             ^^^^^^^^^^^^^^^^^^^^^^^^^^^^^^
  File "/usr/lib/python3.12/subprocess.py", line 571, in run
    raise CalledProcessError(retcode, process.args,
subprocess.CalledProcessError: Command '('/var/lib/juju/tools/unit-vault-k8s-0/secret-get', 'secret://d41a84bb-c221-4ab3-8acd-09e48428eb1f/d20un5la95ds7bk5hpt0', '--format=json')' returned non-zero exit status 1.

The above exception was the direct cause of the following exception:

Traceback (most recent call last):
  File "/var/lib/juju/agents/unit-vault-k8s-0/charm/lib/vault/juju_facade.py", line 95, in get_secret
    self.charm.model.get_secret(id=id)
  File "/var/lib/juju/agents/unit-vault-k8s-0/charm/venv/lib/python3.12/site-packages/ops/model.py", line 325, in get_secret
    content = self._backend.secret_get(id=id, label=label)
              ^^^^^^^^^^^^^^^^^^^^^^^^^^^^^^^^^^^^^^^^^^^^
  File "/var/lib/juju/agents/unit-vault-k8s-0/charm/venv/lib/python3.12/site-packages/ops/model.py", line 4003, in secret_get
    result = self._run('secret-get', *args, return_output=True, use_json=True)
             ^^^^^^^^^^^^^^^^^^^^^^^^^^^^^^^^^^^^^^^^^^^^^^^^^^^^^^^^^^^^^^^^^
  File "/var/lib/juju/agents/unit-vault-k8s-0/charm/venv/lib/python3.12/site-packages/ops/model.py", line 3619, in _run
    raise ModelError(e.stderr) from e
ops.model.ModelError: ERROR secrets "d20un5la95ds7bk5hpt0-1" is forbidden: User "system:serviceaccount:test-upgrade-latest-8bt1:unit-vault-k8s-0" cannot get resource "secrets" in API group "" in the namespace "test-upgrade-latest-8bt1"


The above exception was the direct cause of the following exception:

Traceback (most recent call last):
  File "/var/lib/juju/agents/unit-vault-k8s-0/charm/src/charm.py", line 908, in <module>
    main(VaultCharm)
  File "/var/lib/juju/agents/unit-vault-k8s-0/charm/venv/lib/python3.12/site-packages/ops/__init__.py", line 356, in __call__
    return _main.main(charm_class=charm_class, use_juju_for_storage=use_juju_for_storage)
           ^^^^^^^^^^^^^^^^^^^^^^^^^^^^^^^^^^^^^^^^^^^^^^^^^^^^^^^^^^^^^^^^^^^^^^^^^^^^^^
  File "/var/lib/juju/agents/unit-vault-k8s-0/charm/venv/lib/python3.12/site-packages/ops/_main.py", line 496, in main
    manager.run()
  File "/var/lib/juju/agents/unit-vault-k8s-0/charm/venv/lib/python3.12/site-packages/ops/_main.py", line 480, in run
    self._emit()
  File "/var/lib/juju/agents/unit-vault-k8s-0/charm/venv/lib/python3.12/site-packages/ops/_main.py", line 415, in _emit
    self._emit_charm_event(self.dispatcher.event_name)
  File "/var/lib/juju/agents/unit-vault-k8s-0/charm/venv/lib/python3.12/site-packages/ops/_main.py", line 459, in _emit_charm_event
    event_to_emit.emit(*args, **kwargs)
  File "/var/lib/juju/agents/unit-vault-k8s-0/charm/venv/lib/python3.12/site-packages/ops/framework.py", line 351, in emit
    framework._emit(event)
  File "/var/lib/juju/agents/unit-vault-k8s-0/charm/venv/lib/python3.12/site-packages/ops/framework.py", line 924, in _emit
    self._reemit(event_path)
  File "/var/lib/juju/agents/unit-vault-k8s-0/charm/venv/lib/python3.12/site-packages/ops/framework.py", line 1030, in _reemit
    custom_handler(event)
  File "/var/lib/juju/agents/unit-vault-k8s-0/charm/lib/charms/tempo_coordinator_k8s/v0/charm_tracing.py", line 1116, in wrapped_function
    return callable(*args, **kwargs)  # type: ignore
           ^^^^^^^^^^^^^^^^^^^^^^^^^
  File "/var/lib/juju/agents/unit-vault-k8s-0/charm/src/charm.py", line 515, in _on_authorize_charm_action
    token := self.juju_facade.get_latest_secret_content(id=secret_id).get("token", "")
             ^^^^^^^^^^^^^^^^^^^^^^^^^^^^^^^^^^^^^^^^^^^^^^^^^^^^^^^^
  File "/var/lib/juju/agents/unit-vault-k8s-0/charm/lib/vault/juju_facade.py", line 175, in get_latest_secret_content
    return self._get_secret_content(label=label, id=id, refresh=True)
           ^^^^^^^^^^^^^^^^^^^^^^^^^^^^^^^^^^^^^^^^^^^^^^^^^^^^^^^^^^
  File "/var/lib/juju/agents/unit-vault-k8s-0/charm/lib/vault/juju_facade.py", line 144, in _get_secret_content
    secret = self.get_secret(label=label, id=id)
             ^^^^^^^^^^^^^^^^^^^^^^^^^^^^^^^^^^^
  File "/var/lib/juju/agents/unit-vault-k8s-0/charm/lib/vault/juju_facade.py", line 104, in get_secret
    raise TransientJujuError(e) from e
vault.juju_facade.TransientJujuError: ERROR secrets "d20un5la95ds7bk5hpt0-1" is forbidden: User "system:serviceaccount:test-upgrade-latest-8bt1:unit-vault-k8s-0" cannot get resource "secrets" in API group "" in the namespace "test-upgrade-latest-8bt1"

unit-vault-k8s-2: 08:22:17 ERROR unit.vault-k8s/2.juju-log [vault_client] Error while checking Vault health status: HTTPSConnectionPool(host='vault-k8s-2.vault-k8s-endpoints.test-upgrade-latest-8bt1.svc.cluster.local', port=8200): Max retries exceeded with url: /v1/sys/health (Caused by NewConnectionError('<urllib3.connection.HTTPSConnection object at 0x7f8fabc32540>: Failed to establish a new connection: [Errno 111] Connection refused'))
unit-vault-k8s-1: 08:22:44 ERROR unit.vault-k8s/1.juju-log [vault_client] Error while checking Vault health status: HTTPSConnectionPool(host='vault-k8s-1.vault-k8s-endpoints.test-upgrade-latest-8bt1.svc.cluster.local', port=8200): Max retries exceeded with url: /v1/sys/health (Caused by NewConnectionError('<urllib3.connection.HTTPSConnection object at 0x7f9da743af30>: Failed to establish a new connection: [Errno 111] Connection refused'))
unit-vault-k8s-0: 08:23:07 ERROR unit.vault-k8s/0.juju-log [vault_client] Error while checking Vault health status: HTTPSConnectionPool(host='vault-k8s-0.vault-k8s-endpoints.test-upgrade-latest-8bt1.svc.cluster.local', port=8200): Max retries exceeded with url: /v1/sys/health (Caused by NewConnectionError('<urllib3.connection.HTTPSConnection object at 0x7fbb055c5fa0>: Failed to establish a new connection: [Errno 111] Connection refused'))

[32mINFO    [0m pytest_operator.plugin:plugin.py:1049 Resetting model test-upgrade-latest-8bt1...
[32mINFO    [0m pytest_operator.plugin:plugin.py:1038    Destroying applications vault-k8s
[32mINFO    [0m pytest_operator.plugin:plugin.py:1054 Not waiting on reset to complete.
[32mINFO    [0m pytest_operator.plugin:plugin.py:1025 Forgetting model main...