{"uid":"f42fa9623d7d4976","name":"test_given_vault_deployed_and_initialized_when_unsealed_and_authorized_then_status_is_active","fullName":"tests.integration.test_integration.TestVaultK8s#test_given_vault_deployed_and_initialized_when_unsealed_and_authorized_then_status_is_active","historyId":"e94c191b1668eeff7fa95e98ae3315cb","time":{"start":1736948849696,"stop":1736948849696,"duration":0},"status":"broken","statusMessage":"juju.errors.JujuUnitError: Unit in error: vault-k8s/0","statusTrace":"Traceback (most recent call last):\n  File \"/home/ubuntu/actions-runner/_work/vault-k8s-operator/vault-k8s-operator/.tox/integration/lib/python3.10/site-packages/_pytest/runner.py\", line 341, in from_call\n    result: TResult | None = func()\n  File \"/home/ubuntu/actions-runner/_work/vault-k8s-operator/vault-k8s-operator/.tox/integration/lib/python3.10/site-packages/_pytest/runner.py\", line 242, in <lambda>\n    lambda: runtest_hook(item=item, **kwds), when=when, reraise=reraise\n  File \"/home/ubuntu/actions-runner/_work/vault-k8s-operator/vault-k8s-operator/.tox/integration/lib/python3.10/site-packages/pluggy/_hooks.py\", line 513, in __call__\n    return self._hookexec(self.name, self._hookimpls.copy(), kwargs, firstresult)\n  File \"/home/ubuntu/actions-runner/_work/vault-k8s-operator/vault-k8s-operator/.tox/integration/lib/python3.10/site-packages/pluggy/_manager.py\", line 120, in _hookexec\n    return self._inner_hookexec(hook_name, methods, kwargs, firstresult)\n  File \"/home/ubuntu/actions-runner/_work/vault-k8s-operator/vault-k8s-operator/.tox/integration/lib/python3.10/site-packages/pluggy/_callers.py\", line 182, in _multicall\n    return outcome.get_result()\n  File \"/home/ubuntu/actions-runner/_work/vault-k8s-operator/vault-k8s-operator/.tox/integration/lib/python3.10/site-packages/pluggy/_result.py\", line 100, in get_result\n    raise exc.with_traceback(exc.__traceback__)\n  File \"/home/ubuntu/actions-runner/_work/vault-k8s-operator/vault-k8s-operator/.tox/integration/lib/python3.10/site-packages/pluggy/_callers.py\", line 167, in _multicall\n    teardown.throw(outcome._exception)\n  File \"/home/ubuntu/actions-runner/_work/vault-k8s-operator/vault-k8s-operator/.tox/integration/lib/python3.10/site-packages/_pytest/unraisableexception.py\", line 90, in pytest_runtest_setup\n    yield from unraisable_exception_runtest_hook()\n  File \"/home/ubuntu/actions-runner/_work/vault-k8s-operator/vault-k8s-operator/.tox/integration/lib/python3.10/site-packages/_pytest/unraisableexception.py\", line 70, in unraisable_exception_runtest_hook\n    yield\n  File \"/home/ubuntu/actions-runner/_work/vault-k8s-operator/vault-k8s-operator/.tox/integration/lib/python3.10/site-packages/pluggy/_callers.py\", line 167, in _multicall\n    teardown.throw(outcome._exception)\n  File \"/home/ubuntu/actions-runner/_work/vault-k8s-operator/vault-k8s-operator/.tox/integration/lib/python3.10/site-packages/_pytest/logging.py\", line 840, in pytest_runtest_setup\n    yield from self._runtest_for(item, \"setup\")\n  File \"/home/ubuntu/actions-runner/_work/vault-k8s-operator/vault-k8s-operator/.tox/integration/lib/python3.10/site-packages/_pytest/logging.py\", line 829, in _runtest_for\n    yield\n  File \"/home/ubuntu/actions-runner/_work/vault-k8s-operator/vault-k8s-operator/.tox/integration/lib/python3.10/site-packages/pluggy/_callers.py\", line 167, in _multicall\n    teardown.throw(outcome._exception)\n  File \"/home/ubuntu/actions-runner/_work/vault-k8s-operator/vault-k8s-operator/.tox/integration/lib/python3.10/site-packages/_pytest/capture.py\", line 875, in pytest_runtest_setup\n    return (yield)\n  File \"/home/ubuntu/actions-runner/_work/vault-k8s-operator/vault-k8s-operator/.tox/integration/lib/python3.10/site-packages/pluggy/_callers.py\", line 167, in _multicall\n    teardown.throw(outcome._exception)\n  File \"/home/ubuntu/actions-runner/_work/vault-k8s-operator/vault-k8s-operator/.tox/integration/lib/python3.10/site-packages/_pytest/threadexception.py\", line 87, in pytest_runtest_setup\n    yield from thread_exception_runtest_hook()\n  File \"/home/ubuntu/actions-runner/_work/vault-k8s-operator/vault-k8s-operator/.tox/integration/lib/python3.10/site-packages/_pytest/threadexception.py\", line 68, in thread_exception_runtest_hook\n    yield\n  File \"/home/ubuntu/actions-runner/_work/vault-k8s-operator/vault-k8s-operator/.tox/integration/lib/python3.10/site-packages/pluggy/_callers.py\", line 103, in _multicall\n    res = hook_impl.function(*args)\n  File \"/home/ubuntu/actions-runner/_work/vault-k8s-operator/vault-k8s-operator/.tox/integration/lib/python3.10/site-packages/_pytest/runner.py\", line 160, in pytest_runtest_setup\n    item.session._setupstate.setup(item)\n  File \"/home/ubuntu/actions-runner/_work/vault-k8s-operator/vault-k8s-operator/.tox/integration/lib/python3.10/site-packages/_pytest/runner.py\", line 514, in setup\n    col.setup()\n  File \"/home/ubuntu/actions-runner/_work/vault-k8s-operator/vault-k8s-operator/.tox/integration/lib/python3.10/site-packages/_pytest/python.py\", line 1630, in setup\n    self._request._fillfixtures()\n  File \"/home/ubuntu/actions-runner/_work/vault-k8s-operator/vault-k8s-operator/.tox/integration/lib/python3.10/site-packages/_pytest/fixtures.py\", line 697, in _fillfixtures\n    item.funcargs[argname] = self.getfixturevalue(argname)\n  File \"/home/ubuntu/actions-runner/_work/vault-k8s-operator/vault-k8s-operator/.tox/integration/lib/python3.10/site-packages/_pytest/fixtures.py\", line 532, in getfixturevalue\n    fixturedef = self._get_active_fixturedef(argname)\n  File \"/home/ubuntu/actions-runner/_work/vault-k8s-operator/vault-k8s-operator/.tox/integration/lib/python3.10/site-packages/_pytest/fixtures.py\", line 617, in _get_active_fixturedef\n    fixturedef.execute(request=subrequest)\n  File \"/home/ubuntu/actions-runner/_work/vault-k8s-operator/vault-k8s-operator/.tox/integration/lib/python3.10/site-packages/_pytest/fixtures.py\", line 1047, in execute\n    fixturedef = request._get_active_fixturedef(argname)\n  File \"/home/ubuntu/actions-runner/_work/vault-k8s-operator/vault-k8s-operator/.tox/integration/lib/python3.10/site-packages/_pytest/fixtures.py\", line 617, in _get_active_fixturedef\n    fixturedef.execute(request=subrequest)\n  File \"/home/ubuntu/actions-runner/_work/vault-k8s-operator/vault-k8s-operator/.tox/integration/lib/python3.10/site-packages/_pytest/fixtures.py\", line 1091, in execute\n    result = ihook.pytest_fixture_setup(fixturedef=self, request=request)\n  File \"/home/ubuntu/actions-runner/_work/vault-k8s-operator/vault-k8s-operator/.tox/integration/lib/python3.10/site-packages/pluggy/_hooks.py\", line 513, in __call__\n    return self._hookexec(self.name, self._hookimpls.copy(), kwargs, firstresult)\n  File \"/home/ubuntu/actions-runner/_work/vault-k8s-operator/vault-k8s-operator/.tox/integration/lib/python3.10/site-packages/pluggy/_manager.py\", line 120, in _hookexec\n    return self._inner_hookexec(hook_name, methods, kwargs, firstresult)\n  File \"/home/ubuntu/actions-runner/_work/vault-k8s-operator/vault-k8s-operator/.tox/integration/lib/python3.10/site-packages/pluggy/_callers.py\", line 182, in _multicall\n    return outcome.get_result()\n  File \"/home/ubuntu/actions-runner/_work/vault-k8s-operator/vault-k8s-operator/.tox/integration/lib/python3.10/site-packages/pluggy/_result.py\", line 100, in get_result\n    raise exc.with_traceback(exc.__traceback__)\n  File \"/home/ubuntu/actions-runner/_work/vault-k8s-operator/vault-k8s-operator/.tox/integration/lib/python3.10/site-packages/pluggy/_callers.py\", line 167, in _multicall\n    teardown.throw(outcome._exception)\n  File \"/home/ubuntu/actions-runner/_work/vault-k8s-operator/vault-k8s-operator/.tox/integration/lib/python3.10/site-packages/_pytest/setuponly.py\", line 36, in pytest_fixture_setup\n    return (yield)\n  File \"/home/ubuntu/actions-runner/_work/vault-k8s-operator/vault-k8s-operator/.tox/integration/lib/python3.10/site-packages/pluggy/_callers.py\", line 103, in _multicall\n    res = hook_impl.function(*args)\n  File \"/home/ubuntu/actions-runner/_work/vault-k8s-operator/vault-k8s-operator/.tox/integration/lib/python3.10/site-packages/_pytest/fixtures.py\", line 1140, in pytest_fixture_setup\n    result = call_fixture_func(fixturefunc, request, kwargs)\n  File \"/home/ubuntu/actions-runner/_work/vault-k8s-operator/vault-k8s-operator/.tox/integration/lib/python3.10/site-packages/_pytest/fixtures.py\", line 898, in call_fixture_func\n    fixture_result = fixturefunc(**kwargs)\n  File \"/home/ubuntu/actions-runner/_work/vault-k8s-operator/vault-k8s-operator/.tox/integration/lib/python3.10/site-packages/pytest_asyncio/plugin.py\", line 323, in _async_fixture_wrapper\n    return event_loop.run_until_complete(setup())\n  File \"/usr/lib/python3.10/asyncio/base_events.py\", line 649, in run_until_complete\n    return future.result()\n  File \"/home/ubuntu/actions-runner/_work/vault-k8s-operator/vault-k8s-operator/.tox/integration/lib/python3.10/site-packages/pytest_asyncio/plugin.py\", line 320, in setup\n    res = await func(**_add_kwargs(func, kwargs, event_loop, request))\n  File \"/home/ubuntu/actions-runner/_work/vault-k8s-operator/vault-k8s-operator/tests/integration/test_integration.py\", line 78, in deployed_vault\n    await ops_test.model.wait_for_idle(\n  File \"/home/ubuntu/actions-runner/_work/vault-k8s-operator/vault-k8s-operator/.tox/integration/lib/python3.10/site-packages/juju/model.py\", line 3203, in wait_for_idle\n    _raise_for_status(errors, \"error\")\n  File \"/home/ubuntu/actions-runner/_work/vault-k8s-operator/vault-k8s-operator/.tox/integration/lib/python3.10/site-packages/juju/model.py\", line 3094, in _raise_for_status\n    raise error_type(\njuju.errors.JujuUnitError: Unit in error: vault-k8s/0","flaky":false,"newFailed":false,"newBroken":true,"newPassed":false,"retriesCount":0,"retriesStatusChange":false,"beforeStages":[{"name":"event_loop","time":{"start":1736948849696,"stop":1736948849696,"duration":0},"status":"passed","steps":[],"attachments":[],"parameters":[],"shouldDisplayMessage":false,"stepsCount":0,"attachmentsCount":0,"hasContent":false},{"name":"ops_test","time":{"start":1736948849697,"stop":1736948850215,"duration":518},"status":"passed","steps":[],"attachments":[],"parameters":[],"shouldDisplayMessage":false,"stepsCount":0,"attachmentsCount":0,"hasContent":false},{"name":"tmp_path_factory","time":{"start":1736948849697,"stop":1736948849697,"duration":0},"status":"passed","steps":[],"attachments":[],"parameters":[],"shouldDisplayMessage":false,"stepsCount":0,"attachmentsCount":0,"hasContent":false},{"name":"deployed_vault","time":{"start":1736948850216,"stop":1736948961774,"duration":111558},"status":"broken","statusMessage":"juju.errors.JujuUnitError: Unit in error: vault-k8s/0\n","statusTrace":"  File \"/home/ubuntu/actions-runner/_work/vault-k8s-operator/vault-k8s-operator/.tox/integration/lib/python3.10/site-packages/pluggy/_callers.py\", line 167, in _multicall\n    teardown.throw(outcome._exception)\n  File \"/home/ubuntu/actions-runner/_work/vault-k8s-operator/vault-k8s-operator/.tox/integration/lib/python3.10/site-packages/_pytest/setuponly.py\", line 36, in pytest_fixture_setup\n    return (yield)\n  File \"/home/ubuntu/actions-runner/_work/vault-k8s-operator/vault-k8s-operator/.tox/integration/lib/python3.10/site-packages/pluggy/_callers.py\", line 103, in _multicall\n    res = hook_impl.function(*args)\n  File \"/home/ubuntu/actions-runner/_work/vault-k8s-operator/vault-k8s-operator/.tox/integration/lib/python3.10/site-packages/_pytest/fixtures.py\", line 1140, in pytest_fixture_setup\n    result = call_fixture_func(fixturefunc, request, kwargs)\n  File \"/home/ubuntu/actions-runner/_work/vault-k8s-operator/vault-k8s-operator/.tox/integration/lib/python3.10/site-packages/_pytest/fixtures.py\", line 898, in call_fixture_func\n    fixture_result = fixturefunc(**kwargs)\n  File \"/home/ubuntu/actions-runner/_work/vault-k8s-operator/vault-k8s-operator/.tox/integration/lib/python3.10/site-packages/pytest_asyncio/plugin.py\", line 323, in _async_fixture_wrapper\n    return event_loop.run_until_complete(setup())\n  File \"/usr/lib/python3.10/asyncio/base_events.py\", line 649, in run_until_complete\n    return future.result()\n  File \"/home/ubuntu/actions-runner/_work/vault-k8s-operator/vault-k8s-operator/.tox/integration/lib/python3.10/site-packages/pytest_asyncio/plugin.py\", line 320, in setup\n    res = await func(**_add_kwargs(func, kwargs, event_loop, request))\n  File \"/home/ubuntu/actions-runner/_work/vault-k8s-operator/vault-k8s-operator/tests/integration/test_integration.py\", line 78, in deployed_vault\n    await ops_test.model.wait_for_idle(\n  File \"/home/ubuntu/actions-runner/_work/vault-k8s-operator/vault-k8s-operator/.tox/integration/lib/python3.10/site-packages/juju/model.py\", line 3203, in wait_for_idle\n    _raise_for_status(errors, \"error\")\n  File \"/home/ubuntu/actions-runner/_work/vault-k8s-operator/vault-k8s-operator/.tox/integration/lib/python3.10/site-packages/juju/model.py\", line 3094, in _raise_for_status\n    raise error_type(\n","steps":[],"attachments":[],"parameters":[],"shouldDisplayMessage":true,"stepsCount":0,"attachmentsCount":0,"hasContent":true}],"testStage":{"status":"broken","statusMessage":"juju.errors.JujuUnitError: Unit in error: vault-k8s/0","statusTrace":"Traceback (most recent call last):\n  File \"/home/ubuntu/actions-runner/_work/vault-k8s-operator/vault-k8s-operator/.tox/integration/lib/python3.10/site-packages/_pytest/runner.py\", line 341, in from_call\n    result: TResult | None = func()\n  File \"/home/ubuntu/actions-runner/_work/vault-k8s-operator/vault-k8s-operator/.tox/integration/lib/python3.10/site-packages/_pytest/runner.py\", line 242, in <lambda>\n    lambda: runtest_hook(item=item, **kwds), when=when, reraise=reraise\n  File \"/home/ubuntu/actions-runner/_work/vault-k8s-operator/vault-k8s-operator/.tox/integration/lib/python3.10/site-packages/pluggy/_hooks.py\", line 513, in __call__\n    return self._hookexec(self.name, self._hookimpls.copy(), kwargs, firstresult)\n  File \"/home/ubuntu/actions-runner/_work/vault-k8s-operator/vault-k8s-operator/.tox/integration/lib/python3.10/site-packages/pluggy/_manager.py\", line 120, in _hookexec\n    return self._inner_hookexec(hook_name, methods, kwargs, firstresult)\n  File \"/home/ubuntu/actions-runner/_work/vault-k8s-operator/vault-k8s-operator/.tox/integration/lib/python3.10/site-packages/pluggy/_callers.py\", line 182, in _multicall\n    return outcome.get_result()\n  File \"/home/ubuntu/actions-runner/_work/vault-k8s-operator/vault-k8s-operator/.tox/integration/lib/python3.10/site-packages/pluggy/_result.py\", line 100, in get_result\n    raise exc.with_traceback(exc.__traceback__)\n  File \"/home/ubuntu/actions-runner/_work/vault-k8s-operator/vault-k8s-operator/.tox/integration/lib/python3.10/site-packages/pluggy/_callers.py\", line 167, in _multicall\n    teardown.throw(outcome._exception)\n  File \"/home/ubuntu/actions-runner/_work/vault-k8s-operator/vault-k8s-operator/.tox/integration/lib/python3.10/site-packages/_pytest/unraisableexception.py\", line 90, in pytest_runtest_setup\n    yield from unraisable_exception_runtest_hook()\n  File \"/home/ubuntu/actions-runner/_work/vault-k8s-operator/vault-k8s-operator/.tox/integration/lib/python3.10/site-packages/_pytest/unraisableexception.py\", line 70, in unraisable_exception_runtest_hook\n    yield\n  File \"/home/ubuntu/actions-runner/_work/vault-k8s-operator/vault-k8s-operator/.tox/integration/lib/python3.10/site-packages/pluggy/_callers.py\", line 167, in _multicall\n    teardown.throw(outcome._exception)\n  File \"/home/ubuntu/actions-runner/_work/vault-k8s-operator/vault-k8s-operator/.tox/integration/lib/python3.10/site-packages/_pytest/logging.py\", line 840, in pytest_runtest_setup\n    yield from self._runtest_for(item, \"setup\")\n  File \"/home/ubuntu/actions-runner/_work/vault-k8s-operator/vault-k8s-operator/.tox/integration/lib/python3.10/site-packages/_pytest/logging.py\", line 829, in _runtest_for\n    yield\n  File \"/home/ubuntu/actions-runner/_work/vault-k8s-operator/vault-k8s-operator/.tox/integration/lib/python3.10/site-packages/pluggy/_callers.py\", line 167, in _multicall\n    teardown.throw(outcome._exception)\n  File \"/home/ubuntu/actions-runner/_work/vault-k8s-operator/vault-k8s-operator/.tox/integration/lib/python3.10/site-packages/_pytest/capture.py\", line 875, in pytest_runtest_setup\n    return (yield)\n  File \"/home/ubuntu/actions-runner/_work/vault-k8s-operator/vault-k8s-operator/.tox/integration/lib/python3.10/site-packages/pluggy/_callers.py\", line 167, in _multicall\n    teardown.throw(outcome._exception)\n  File \"/home/ubuntu/actions-runner/_work/vault-k8s-operator/vault-k8s-operator/.tox/integration/lib/python3.10/site-packages/_pytest/threadexception.py\", line 87, in pytest_runtest_setup\n    yield from thread_exception_runtest_hook()\n  File \"/home/ubuntu/actions-runner/_work/vault-k8s-operator/vault-k8s-operator/.tox/integration/lib/python3.10/site-packages/_pytest/threadexception.py\", line 68, in thread_exception_runtest_hook\n    yield\n  File \"/home/ubuntu/actions-runner/_work/vault-k8s-operator/vault-k8s-operator/.tox/integration/lib/python3.10/site-packages/pluggy/_callers.py\", line 103, in _multicall\n    res = hook_impl.function(*args)\n  File \"/home/ubuntu/actions-runner/_work/vault-k8s-operator/vault-k8s-operator/.tox/integration/lib/python3.10/site-packages/_pytest/runner.py\", line 160, in pytest_runtest_setup\n    item.session._setupstate.setup(item)\n  File \"/home/ubuntu/actions-runner/_work/vault-k8s-operator/vault-k8s-operator/.tox/integration/lib/python3.10/site-packages/_pytest/runner.py\", line 514, in setup\n    col.setup()\n  File \"/home/ubuntu/actions-runner/_work/vault-k8s-operator/vault-k8s-operator/.tox/integration/lib/python3.10/site-packages/_pytest/python.py\", line 1630, in setup\n    self._request._fillfixtures()\n  File \"/home/ubuntu/actions-runner/_work/vault-k8s-operator/vault-k8s-operator/.tox/integration/lib/python3.10/site-packages/_pytest/fixtures.py\", line 697, in _fillfixtures\n    item.funcargs[argname] = self.getfixturevalue(argname)\n  File \"/home/ubuntu/actions-runner/_work/vault-k8s-operator/vault-k8s-operator/.tox/integration/lib/python3.10/site-packages/_pytest/fixtures.py\", line 532, in getfixturevalue\n    fixturedef = self._get_active_fixturedef(argname)\n  File \"/home/ubuntu/actions-runner/_work/vault-k8s-operator/vault-k8s-operator/.tox/integration/lib/python3.10/site-packages/_pytest/fixtures.py\", line 617, in _get_active_fixturedef\n    fixturedef.execute(request=subrequest)\n  File \"/home/ubuntu/actions-runner/_work/vault-k8s-operator/vault-k8s-operator/.tox/integration/lib/python3.10/site-packages/_pytest/fixtures.py\", line 1047, in execute\n    fixturedef = request._get_active_fixturedef(argname)\n  File \"/home/ubuntu/actions-runner/_work/vault-k8s-operator/vault-k8s-operator/.tox/integration/lib/python3.10/site-packages/_pytest/fixtures.py\", line 617, in _get_active_fixturedef\n    fixturedef.execute(request=subrequest)\n  File \"/home/ubuntu/actions-runner/_work/vault-k8s-operator/vault-k8s-operator/.tox/integration/lib/python3.10/site-packages/_pytest/fixtures.py\", line 1091, in execute\n    result = ihook.pytest_fixture_setup(fixturedef=self, request=request)\n  File \"/home/ubuntu/actions-runner/_work/vault-k8s-operator/vault-k8s-operator/.tox/integration/lib/python3.10/site-packages/pluggy/_hooks.py\", line 513, in __call__\n    return self._hookexec(self.name, self._hookimpls.copy(), kwargs, firstresult)\n  File \"/home/ubuntu/actions-runner/_work/vault-k8s-operator/vault-k8s-operator/.tox/integration/lib/python3.10/site-packages/pluggy/_manager.py\", line 120, in _hookexec\n    return self._inner_hookexec(hook_name, methods, kwargs, firstresult)\n  File \"/home/ubuntu/actions-runner/_work/vault-k8s-operator/vault-k8s-operator/.tox/integration/lib/python3.10/site-packages/pluggy/_callers.py\", line 182, in _multicall\n    return outcome.get_result()\n  File \"/home/ubuntu/actions-runner/_work/vault-k8s-operator/vault-k8s-operator/.tox/integration/lib/python3.10/site-packages/pluggy/_result.py\", line 100, in get_result\n    raise exc.with_traceback(exc.__traceback__)\n  File \"/home/ubuntu/actions-runner/_work/vault-k8s-operator/vault-k8s-operator/.tox/integration/lib/python3.10/site-packages/pluggy/_callers.py\", line 167, in _multicall\n    teardown.throw(outcome._exception)\n  File \"/home/ubuntu/actions-runner/_work/vault-k8s-operator/vault-k8s-operator/.tox/integration/lib/python3.10/site-packages/_pytest/setuponly.py\", line 36, in pytest_fixture_setup\n    return (yield)\n  File \"/home/ubuntu/actions-runner/_work/vault-k8s-operator/vault-k8s-operator/.tox/integration/lib/python3.10/site-packages/pluggy/_callers.py\", line 103, in _multicall\n    res = hook_impl.function(*args)\n  File \"/home/ubuntu/actions-runner/_work/vault-k8s-operator/vault-k8s-operator/.tox/integration/lib/python3.10/site-packages/_pytest/fixtures.py\", line 1140, in pytest_fixture_setup\n    result = call_fixture_func(fixturefunc, request, kwargs)\n  File \"/home/ubuntu/actions-runner/_work/vault-k8s-operator/vault-k8s-operator/.tox/integration/lib/python3.10/site-packages/_pytest/fixtures.py\", line 898, in call_fixture_func\n    fixture_result = fixturefunc(**kwargs)\n  File \"/home/ubuntu/actions-runner/_work/vault-k8s-operator/vault-k8s-operator/.tox/integration/lib/python3.10/site-packages/pytest_asyncio/plugin.py\", line 323, in _async_fixture_wrapper\n    return event_loop.run_until_complete(setup())\n  File \"/usr/lib/python3.10/asyncio/base_events.py\", line 649, in run_until_complete\n    return future.result()\n  File \"/home/ubuntu/actions-runner/_work/vault-k8s-operator/vault-k8s-operator/.tox/integration/lib/python3.10/site-packages/pytest_asyncio/plugin.py\", line 320, in setup\n    res = await func(**_add_kwargs(func, kwargs, event_loop, request))\n  File \"/home/ubuntu/actions-runner/_work/vault-k8s-operator/vault-k8s-operator/tests/integration/test_integration.py\", line 78, in deployed_vault\n    await ops_test.model.wait_for_idle(\n  File \"/home/ubuntu/actions-runner/_work/vault-k8s-operator/vault-k8s-operator/.tox/integration/lib/python3.10/site-packages/juju/model.py\", line 3203, in wait_for_idle\n    _raise_for_status(errors, \"error\")\n  File \"/home/ubuntu/actions-runner/_work/vault-k8s-operator/vault-k8s-operator/.tox/integration/lib/python3.10/site-packages/juju/model.py\", line 3094, in _raise_for_status\n    raise error_type(\njuju.errors.JujuUnitError: Unit in error: vault-k8s/0","steps":[],"attachments":[{"uid":"5c4867fc9e191147","name":"log","source":"5c4867fc9e191147.txt","type":"text/plain","size":774}],"parameters":[],"shouldDisplayMessage":true,"stepsCount":0,"attachmentsCount":1,"hasContent":true},"afterStages":[{"name":"ops_test::finalizer","time":{"start":1736948961814,"stop":1736948965817,"duration":4003},"status":"passed","steps":[],"attachments":[],"parameters":[],"shouldDisplayMessage":false,"stepsCount":0,"attachmentsCount":0,"hasContent":false},{"name":"event_loop::2","time":{"start":1736948965823,"stop":1736948965824,"duration":1},"status":"passed","steps":[],"attachments":[],"parameters":[],"shouldDisplayMessage":false,"stepsCount":0,"attachmentsCount":0,"hasContent":false},{"name":"event_loop::_close_event_loop","time":{"start":1736948965824,"stop":1736948965824,"duration":0},"status":"passed","steps":[],"attachments":[],"parameters":[],"shouldDisplayMessage":false,"stepsCount":0,"attachmentsCount":0,"hasContent":false},{"name":"event_loop::_provide_clean_event_loop","time":{"start":1736948965824,"stop":1736948965824,"duration":0},"status":"passed","steps":[],"attachments":[],"parameters":[],"shouldDisplayMessage":false,"stepsCount":0,"attachmentsCount":0,"hasContent":false}],"labels":[{"name":"tag","value":"abort_on_fail"},{"name":"tag","value":"asyncio"},{"name":"parentSuite","value":"tests.integration"},{"name":"suite","value":"test_integration"},{"name":"subSuite","value":"TestVaultK8s"},{"name":"host","value":"github-runner"},{"name":"thread","value":"43230-MainThread"},{"name":"framework","value":"pytest"},{"name":"language","value":"cpython3"},{"name":"package","value":"tests.integration.test_integration"},{"name":"resultFormat","value":"allure2"}],"parameters":[],"links":[],"hidden":false,"retry":false,"extra":{"severity":"normal","retries":[],"categories":[{"name":"Test defects","matchedStatuses":[],"flaky":false}],"history":{"statistic":{"failed":0,"broken":3,"skipped":0,"passed":11,"unknown":0,"total":14},"items":[{"uid":"bb6f867202e3faf0","reportUrl":"https://canonical.github.io/vault-k8s-operator/2717//#testresult/bb6f867202e3faf0","status":"passed","time":{"start":1736898677160,"stop":1736898822828,"duration":145668}},{"uid":"9d592a8ce0cdedd3","reportUrl":"https://canonical.github.io/vault-k8s-operator/2718//#testresult/9d592a8ce0cdedd3","status":"broken","statusDetails":"juju.errors.JujuUnitError: Unit in error: vault-k8s/0","time":{"start":1736899807826,"stop":1736899807826,"duration":0}},{"uid":"a261a1357ea32c46","reportUrl":"https://canonical.github.io/vault-k8s-operator/2716//#testresult/a261a1357ea32c46","status":"passed","time":{"start":1736894188353,"stop":1736894394758,"duration":206405}},{"uid":"4b037461cf586c2d","reportUrl":"https://canonical.github.io/vault-k8s-operator/2715//#testresult/4b037461cf586c2d","status":"passed","time":{"start":1736892449712,"stop":1736892606203,"duration":156491}},{"uid":"5854fa7b8da601bd","reportUrl":"https://canonical.github.io/vault-k8s-operator/2714//#testresult/5854fa7b8da601bd","status":"passed","time":{"start":1736863557269,"stop":1736863771290,"duration":214021}},{"uid":"ad0dd7aa51da337","reportUrl":"https://canonical.github.io/vault-k8s-operator/2713//#testresult/ad0dd7aa51da337","status":"broken","statusDetails":"test_integration.ActionFailedError: Failed to authorize charm","time":{"start":1736864766831,"stop":1736864860320,"duration":93489}},{"uid":"97c8cdeb70a9ca69","reportUrl":"https://canonical.github.io/vault-k8s-operator/2711//#testresult/97c8cdeb70a9ca69","status":"passed","time":{"start":1736853849868,"stop":1736854056151,"duration":206283}},{"uid":"68a42090d51a0b7a","reportUrl":"https://canonical.github.io/vault-k8s-operator/2710//#testresult/68a42090d51a0b7a","status":"passed","time":{"start":1736806667702,"stop":1736806894003,"duration":226301}},{"uid":"84246e572424ba3c","reportUrl":"https://canonical.github.io/vault-k8s-operator/2709//#testresult/84246e572424ba3c","status":"passed","time":{"start":1736802567837,"stop":1736802712907,"duration":145070}},{"uid":"23e44b95e1fa3f28","reportUrl":"https://canonical.github.io/vault-k8s-operator/2708//#testresult/23e44b95e1fa3f28","status":"passed","time":{"start":1736798990350,"stop":1736799206850,"duration":216500}},{"uid":"5a40751d491b7ae2","reportUrl":"https://canonical.github.io/vault-k8s-operator/2707//#testresult/5a40751d491b7ae2","status":"passed","time":{"start":1736797143896,"stop":1736797329986,"duration":186090}},{"uid":"5ec1266104f25d23","reportUrl":"https://canonical.github.io/vault-k8s-operator/2689//#testresult/5ec1266104f25d23","status":"passed","time":{"start":1736782213133,"stop":1736782409263,"duration":196130}},{"uid":"59592e030c8cb4dc","reportUrl":"https://canonical.github.io/vault-k8s-operator/2689//#testresult/59592e030c8cb4dc","status":"passed","time":{"start":1736775119923,"stop":1736775326220,"duration":206297}}]},"tags":["asyncio","abort_on_fail"]},"source":"f42fa9623d7d4976.json","parameterValues":[]}