{"uid":"e67ea08c496d397f","name":"test_given_vault_deployed_and_initialized_when_unsealed_and_authorized_then_status_is_active","fullName":"tests.integration.test_integration.TestVaultK8s#test_given_vault_deployed_and_initialized_when_unsealed_and_authorized_then_status_is_active","historyId":"e94c191b1668eeff7fa95e98ae3315cb","time":{"start":1738344460032,"stop":1738344553803,"duration":93771},"status":"broken","statusMessage":"test_integration.ActionFailedError: Failed to authorize charm","statusTrace":"Traceback (most recent call last):\n  File \"/home/ubuntu/actions-runner/_work/vault-k8s-operator/vault-k8s-operator/.tox/integration/lib/python3.10/site-packages/_pytest/runner.py\", line 341, in from_call\n    result: TResult | None = func()\n  File \"/home/ubuntu/actions-runner/_work/vault-k8s-operator/vault-k8s-operator/.tox/integration/lib/python3.10/site-packages/_pytest/runner.py\", line 242, in <lambda>\n    lambda: runtest_hook(item=item, **kwds), when=when, reraise=reraise\n  File \"/home/ubuntu/actions-runner/_work/vault-k8s-operator/vault-k8s-operator/.tox/integration/lib/python3.10/site-packages/pluggy/_hooks.py\", line 513, in __call__\n    return self._hookexec(self.name, self._hookimpls.copy(), kwargs, firstresult)\n  File \"/home/ubuntu/actions-runner/_work/vault-k8s-operator/vault-k8s-operator/.tox/integration/lib/python3.10/site-packages/pluggy/_manager.py\", line 120, in _hookexec\n    return self._inner_hookexec(hook_name, methods, kwargs, firstresult)\n  File \"/home/ubuntu/actions-runner/_work/vault-k8s-operator/vault-k8s-operator/.tox/integration/lib/python3.10/site-packages/pluggy/_callers.py\", line 182, in _multicall\n    return outcome.get_result()\n  File \"/home/ubuntu/actions-runner/_work/vault-k8s-operator/vault-k8s-operator/.tox/integration/lib/python3.10/site-packages/pluggy/_result.py\", line 100, in get_result\n    raise exc.with_traceback(exc.__traceback__)\n  File \"/home/ubuntu/actions-runner/_work/vault-k8s-operator/vault-k8s-operator/.tox/integration/lib/python3.10/site-packages/pluggy/_callers.py\", line 167, in _multicall\n    teardown.throw(outcome._exception)\n  File \"/home/ubuntu/actions-runner/_work/vault-k8s-operator/vault-k8s-operator/.tox/integration/lib/python3.10/site-packages/_pytest/threadexception.py\", line 92, in pytest_runtest_call\n    yield from thread_exception_runtest_hook()\n  File \"/home/ubuntu/actions-runner/_work/vault-k8s-operator/vault-k8s-operator/.tox/integration/lib/python3.10/site-packages/_pytest/threadexception.py\", line 68, in thread_exception_runtest_hook\n    yield\n  File \"/home/ubuntu/actions-runner/_work/vault-k8s-operator/vault-k8s-operator/.tox/integration/lib/python3.10/site-packages/pluggy/_callers.py\", line 167, in _multicall\n    teardown.throw(outcome._exception)\n  File \"/home/ubuntu/actions-runner/_work/vault-k8s-operator/vault-k8s-operator/.tox/integration/lib/python3.10/site-packages/_pytest/unraisableexception.py\", line 95, in pytest_runtest_call\n    yield from unraisable_exception_runtest_hook()\n  File \"/home/ubuntu/actions-runner/_work/vault-k8s-operator/vault-k8s-operator/.tox/integration/lib/python3.10/site-packages/_pytest/unraisableexception.py\", line 70, in unraisable_exception_runtest_hook\n    yield\n  File \"/home/ubuntu/actions-runner/_work/vault-k8s-operator/vault-k8s-operator/.tox/integration/lib/python3.10/site-packages/pluggy/_callers.py\", line 167, in _multicall\n    teardown.throw(outcome._exception)\n  File \"/home/ubuntu/actions-runner/_work/vault-k8s-operator/vault-k8s-operator/.tox/integration/lib/python3.10/site-packages/_pytest/logging.py\", line 846, in pytest_runtest_call\n    yield from self._runtest_for(item, \"call\")\n  File \"/home/ubuntu/actions-runner/_work/vault-k8s-operator/vault-k8s-operator/.tox/integration/lib/python3.10/site-packages/_pytest/logging.py\", line 829, in _runtest_for\n    yield\n  File \"/home/ubuntu/actions-runner/_work/vault-k8s-operator/vault-k8s-operator/.tox/integration/lib/python3.10/site-packages/pluggy/_callers.py\", line 167, in _multicall\n    teardown.throw(outcome._exception)\n  File \"/home/ubuntu/actions-runner/_work/vault-k8s-operator/vault-k8s-operator/.tox/integration/lib/python3.10/site-packages/_pytest/capture.py\", line 880, in pytest_runtest_call\n    return (yield)\n  File \"/home/ubuntu/actions-runner/_work/vault-k8s-operator/vault-k8s-operator/.tox/integration/lib/python3.10/site-packages/pluggy/_callers.py\", line 167, in _multicall\n    teardown.throw(outcome._exception)\n  File \"/home/ubuntu/actions-runner/_work/vault-k8s-operator/vault-k8s-operator/.tox/integration/lib/python3.10/site-packages/_pytest/skipping.py\", line 257, in pytest_runtest_call\n    return (yield)\n  File \"/home/ubuntu/actions-runner/_work/vault-k8s-operator/vault-k8s-operator/.tox/integration/lib/python3.10/site-packages/pluggy/_callers.py\", line 103, in _multicall\n    res = hook_impl.function(*args)\n  File \"/home/ubuntu/actions-runner/_work/vault-k8s-operator/vault-k8s-operator/.tox/integration/lib/python3.10/site-packages/_pytest/runner.py\", line 174, in pytest_runtest_call\n    item.runtest()\n  File \"/home/ubuntu/actions-runner/_work/vault-k8s-operator/vault-k8s-operator/.tox/integration/lib/python3.10/site-packages/_pytest/python.py\", line 1627, in runtest\n    self.ihook.pytest_pyfunc_call(pyfuncitem=self)\n  File \"/home/ubuntu/actions-runner/_work/vault-k8s-operator/vault-k8s-operator/.tox/integration/lib/python3.10/site-packages/pluggy/_hooks.py\", line 513, in __call__\n    return self._hookexec(self.name, self._hookimpls.copy(), kwargs, firstresult)\n  File \"/home/ubuntu/actions-runner/_work/vault-k8s-operator/vault-k8s-operator/.tox/integration/lib/python3.10/site-packages/pluggy/_manager.py\", line 120, in _hookexec\n    return self._inner_hookexec(hook_name, methods, kwargs, firstresult)\n  File \"/home/ubuntu/actions-runner/_work/vault-k8s-operator/vault-k8s-operator/.tox/integration/lib/python3.10/site-packages/pluggy/_callers.py\", line 182, in _multicall\n    return outcome.get_result()\n  File \"/home/ubuntu/actions-runner/_work/vault-k8s-operator/vault-k8s-operator/.tox/integration/lib/python3.10/site-packages/pluggy/_result.py\", line 100, in get_result\n    raise exc.with_traceback(exc.__traceback__)\n  File \"/home/ubuntu/actions-runner/_work/vault-k8s-operator/vault-k8s-operator/.tox/integration/lib/python3.10/site-packages/pluggy/_callers.py\", line 103, in _multicall\n    res = hook_impl.function(*args)\n  File \"/home/ubuntu/actions-runner/_work/vault-k8s-operator/vault-k8s-operator/.tox/integration/lib/python3.10/site-packages/_pytest/python.py\", line 159, in pytest_pyfunc_call\n    result = testfunction(**testargs)\n  File \"/home/ubuntu/actions-runner/_work/vault-k8s-operator/vault-k8s-operator/.tox/integration/lib/python3.10/site-packages/pytest_asyncio/plugin.py\", line 529, in inner\n    _loop.run_until_complete(task)\n  File \"/usr/lib/python3.10/asyncio/base_events.py\", line 649, in run_until_complete\n    return future.result()\n  File \"/home/ubuntu/actions-runner/_work/vault-k8s-operator/vault-k8s-operator/tests/integration/test_integration.py\", line 149, in test_given_vault_deployed_and_initialized_when_unsealed_and_authorized_then_status_is_active\n    await authorize_charm(ops_test, root_token)\n  File \"/home/ubuntu/actions-runner/_work/vault-k8s-operator/vault-k8s-operator/tests/integration/test_integration.py\", line 1234, in authorize_charm\n    raise ActionFailedError(\"Failed to authorize charm\")\ntest_integration.ActionFailedError: Failed to authorize charm","flaky":false,"newFailed":false,"newBroken":true,"newPassed":false,"retriesCount":0,"retriesStatusChange":false,"beforeStages":[{"name":"event_loop","time":{"start":1738343818879,"stop":1738343818879,"duration":0},"status":"passed","steps":[],"attachments":[],"parameters":[],"shouldDisplayMessage":false,"stepsCount":0,"attachmentsCount":0,"hasContent":false,"attachmentStep":false},{"name":"tmp_path_factory","time":{"start":1738343818879,"stop":1738343818879,"duration":0},"status":"passed","steps":[],"attachments":[],"parameters":[],"shouldDisplayMessage":false,"stepsCount":0,"attachmentsCount":0,"hasContent":false,"attachmentStep":false},{"name":"ops_test","time":{"start":1738343818879,"stop":1738343819397,"duration":518},"status":"passed","steps":[],"attachments":[],"parameters":[],"shouldDisplayMessage":false,"stepsCount":0,"attachmentsCount":0,"hasContent":false,"attachmentStep":false},{"name":"deployed_vault","time":{"start":1738343819398,"stop":1738344453376,"duration":633978},"status":"passed","steps":[],"attachments":[],"parameters":[],"shouldDisplayMessage":false,"stepsCount":0,"attachmentsCount":0,"hasContent":false,"attachmentStep":false},{"name":"deployed_vault_initialized_leader","time":{"start":1738344453376,"stop":1738344460031,"duration":6655},"status":"passed","steps":[],"attachments":[],"parameters":[],"shouldDisplayMessage":false,"stepsCount":0,"attachmentsCount":0,"hasContent":false,"attachmentStep":false},{"name":"abort_on_fail","time":{"start":1738344460031,"stop":1738344460031,"duration":0},"status":"passed","steps":[],"attachments":[],"parameters":[],"shouldDisplayMessage":false,"stepsCount":0,"attachmentsCount":0,"hasContent":false,"attachmentStep":false}],"testStage":{"status":"broken","statusMessage":"test_integration.ActionFailedError: Failed to authorize charm","statusTrace":"Traceback (most recent call last):\n  File \"/home/ubuntu/actions-runner/_work/vault-k8s-operator/vault-k8s-operator/.tox/integration/lib/python3.10/site-packages/_pytest/runner.py\", line 341, in from_call\n    result: TResult | None = func()\n  File \"/home/ubuntu/actions-runner/_work/vault-k8s-operator/vault-k8s-operator/.tox/integration/lib/python3.10/site-packages/_pytest/runner.py\", line 242, in <lambda>\n    lambda: runtest_hook(item=item, **kwds), when=when, reraise=reraise\n  File \"/home/ubuntu/actions-runner/_work/vault-k8s-operator/vault-k8s-operator/.tox/integration/lib/python3.10/site-packages/pluggy/_hooks.py\", line 513, in __call__\n    return self._hookexec(self.name, self._hookimpls.copy(), kwargs, firstresult)\n  File \"/home/ubuntu/actions-runner/_work/vault-k8s-operator/vault-k8s-operator/.tox/integration/lib/python3.10/site-packages/pluggy/_manager.py\", line 120, in _hookexec\n    return self._inner_hookexec(hook_name, methods, kwargs, firstresult)\n  File \"/home/ubuntu/actions-runner/_work/vault-k8s-operator/vault-k8s-operator/.tox/integration/lib/python3.10/site-packages/pluggy/_callers.py\", line 182, in _multicall\n    return outcome.get_result()\n  File \"/home/ubuntu/actions-runner/_work/vault-k8s-operator/vault-k8s-operator/.tox/integration/lib/python3.10/site-packages/pluggy/_result.py\", line 100, in get_result\n    raise exc.with_traceback(exc.__traceback__)\n  File \"/home/ubuntu/actions-runner/_work/vault-k8s-operator/vault-k8s-operator/.tox/integration/lib/python3.10/site-packages/pluggy/_callers.py\", line 167, in _multicall\n    teardown.throw(outcome._exception)\n  File \"/home/ubuntu/actions-runner/_work/vault-k8s-operator/vault-k8s-operator/.tox/integration/lib/python3.10/site-packages/_pytest/threadexception.py\", line 92, in pytest_runtest_call\n    yield from thread_exception_runtest_hook()\n  File \"/home/ubuntu/actions-runner/_work/vault-k8s-operator/vault-k8s-operator/.tox/integration/lib/python3.10/site-packages/_pytest/threadexception.py\", line 68, in thread_exception_runtest_hook\n    yield\n  File \"/home/ubuntu/actions-runner/_work/vault-k8s-operator/vault-k8s-operator/.tox/integration/lib/python3.10/site-packages/pluggy/_callers.py\", line 167, in _multicall\n    teardown.throw(outcome._exception)\n  File \"/home/ubuntu/actions-runner/_work/vault-k8s-operator/vault-k8s-operator/.tox/integration/lib/python3.10/site-packages/_pytest/unraisableexception.py\", line 95, in pytest_runtest_call\n    yield from unraisable_exception_runtest_hook()\n  File \"/home/ubuntu/actions-runner/_work/vault-k8s-operator/vault-k8s-operator/.tox/integration/lib/python3.10/site-packages/_pytest/unraisableexception.py\", line 70, in unraisable_exception_runtest_hook\n    yield\n  File \"/home/ubuntu/actions-runner/_work/vault-k8s-operator/vault-k8s-operator/.tox/integration/lib/python3.10/site-packages/pluggy/_callers.py\", line 167, in _multicall\n    teardown.throw(outcome._exception)\n  File \"/home/ubuntu/actions-runner/_work/vault-k8s-operator/vault-k8s-operator/.tox/integration/lib/python3.10/site-packages/_pytest/logging.py\", line 846, in pytest_runtest_call\n    yield from self._runtest_for(item, \"call\")\n  File \"/home/ubuntu/actions-runner/_work/vault-k8s-operator/vault-k8s-operator/.tox/integration/lib/python3.10/site-packages/_pytest/logging.py\", line 829, in _runtest_for\n    yield\n  File \"/home/ubuntu/actions-runner/_work/vault-k8s-operator/vault-k8s-operator/.tox/integration/lib/python3.10/site-packages/pluggy/_callers.py\", line 167, in _multicall\n    teardown.throw(outcome._exception)\n  File \"/home/ubuntu/actions-runner/_work/vault-k8s-operator/vault-k8s-operator/.tox/integration/lib/python3.10/site-packages/_pytest/capture.py\", line 880, in pytest_runtest_call\n    return (yield)\n  File \"/home/ubuntu/actions-runner/_work/vault-k8s-operator/vault-k8s-operator/.tox/integration/lib/python3.10/site-packages/pluggy/_callers.py\", line 167, in _multicall\n    teardown.throw(outcome._exception)\n  File \"/home/ubuntu/actions-runner/_work/vault-k8s-operator/vault-k8s-operator/.tox/integration/lib/python3.10/site-packages/_pytest/skipping.py\", line 257, in pytest_runtest_call\n    return (yield)\n  File \"/home/ubuntu/actions-runner/_work/vault-k8s-operator/vault-k8s-operator/.tox/integration/lib/python3.10/site-packages/pluggy/_callers.py\", line 103, in _multicall\n    res = hook_impl.function(*args)\n  File \"/home/ubuntu/actions-runner/_work/vault-k8s-operator/vault-k8s-operator/.tox/integration/lib/python3.10/site-packages/_pytest/runner.py\", line 174, in pytest_runtest_call\n    item.runtest()\n  File \"/home/ubuntu/actions-runner/_work/vault-k8s-operator/vault-k8s-operator/.tox/integration/lib/python3.10/site-packages/_pytest/python.py\", line 1627, in runtest\n    self.ihook.pytest_pyfunc_call(pyfuncitem=self)\n  File \"/home/ubuntu/actions-runner/_work/vault-k8s-operator/vault-k8s-operator/.tox/integration/lib/python3.10/site-packages/pluggy/_hooks.py\", line 513, in __call__\n    return self._hookexec(self.name, self._hookimpls.copy(), kwargs, firstresult)\n  File \"/home/ubuntu/actions-runner/_work/vault-k8s-operator/vault-k8s-operator/.tox/integration/lib/python3.10/site-packages/pluggy/_manager.py\", line 120, in _hookexec\n    return self._inner_hookexec(hook_name, methods, kwargs, firstresult)\n  File \"/home/ubuntu/actions-runner/_work/vault-k8s-operator/vault-k8s-operator/.tox/integration/lib/python3.10/site-packages/pluggy/_callers.py\", line 182, in _multicall\n    return outcome.get_result()\n  File \"/home/ubuntu/actions-runner/_work/vault-k8s-operator/vault-k8s-operator/.tox/integration/lib/python3.10/site-packages/pluggy/_result.py\", line 100, in get_result\n    raise exc.with_traceback(exc.__traceback__)\n  File \"/home/ubuntu/actions-runner/_work/vault-k8s-operator/vault-k8s-operator/.tox/integration/lib/python3.10/site-packages/pluggy/_callers.py\", line 103, in _multicall\n    res = hook_impl.function(*args)\n  File \"/home/ubuntu/actions-runner/_work/vault-k8s-operator/vault-k8s-operator/.tox/integration/lib/python3.10/site-packages/_pytest/python.py\", line 159, in pytest_pyfunc_call\n    result = testfunction(**testargs)\n  File \"/home/ubuntu/actions-runner/_work/vault-k8s-operator/vault-k8s-operator/.tox/integration/lib/python3.10/site-packages/pytest_asyncio/plugin.py\", line 529, in inner\n    _loop.run_until_complete(task)\n  File \"/usr/lib/python3.10/asyncio/base_events.py\", line 649, in run_until_complete\n    return future.result()\n  File \"/home/ubuntu/actions-runner/_work/vault-k8s-operator/vault-k8s-operator/tests/integration/test_integration.py\", line 149, in test_given_vault_deployed_and_initialized_when_unsealed_and_authorized_then_status_is_active\n    await authorize_charm(ops_test, root_token)\n  File \"/home/ubuntu/actions-runner/_work/vault-k8s-operator/vault-k8s-operator/tests/integration/test_integration.py\", line 1234, in authorize_charm\n    raise ActionFailedError(\"Failed to authorize charm\")\ntest_integration.ActionFailedError: Failed to authorize charm","steps":[],"attachments":[{"uid":"a47c2e5932e22899","name":"log","source":"a47c2e5932e22899.txt","type":"text/plain","size":5110}],"parameters":[],"shouldDisplayMessage":true,"stepsCount":0,"attachmentsCount":1,"hasContent":true,"attachmentStep":false},"afterStages":[{"name":"abort_on_fail::0","time":{"start":1738344553805,"stop":1738344553805,"duration":0},"status":"passed","steps":[],"attachments":[],"parameters":[],"shouldDisplayMessage":false,"stepsCount":0,"attachmentsCount":0,"hasContent":false,"attachmentStep":false},{"name":"ops_test::finalizer","time":{"start":1738344775518,"stop":1738344780240,"duration":4722},"status":"passed","steps":[],"attachments":[],"parameters":[],"shouldDisplayMessage":false,"stepsCount":0,"attachmentsCount":0,"hasContent":false,"attachmentStep":false},{"name":"event_loop::2","time":{"start":1738344780242,"stop":1738344780242,"duration":0},"status":"passed","steps":[],"attachments":[],"parameters":[],"shouldDisplayMessage":false,"stepsCount":0,"attachmentsCount":0,"hasContent":false,"attachmentStep":false},{"name":"event_loop::_close_event_loop","time":{"start":1738344780243,"stop":1738344780243,"duration":0},"status":"passed","steps":[],"attachments":[],"parameters":[],"shouldDisplayMessage":false,"stepsCount":0,"attachmentsCount":0,"hasContent":false,"attachmentStep":false},{"name":"event_loop::_provide_clean_event_loop","time":{"start":1738344780243,"stop":1738344780243,"duration":0},"status":"passed","steps":[],"attachments":[],"parameters":[],"shouldDisplayMessage":false,"stepsCount":0,"attachmentsCount":0,"hasContent":false,"attachmentStep":false}],"labels":[{"name":"tag","value":"abort_on_fail"},{"name":"tag","value":"asyncio"},{"name":"parentSuite","value":"tests.integration"},{"name":"suite","value":"test_integration"},{"name":"subSuite","value":"TestVaultK8s"},{"name":"host","value":"github-runner"},{"name":"thread","value":"25246-MainThread"},{"name":"framework","value":"pytest"},{"name":"language","value":"cpython3"},{"name":"package","value":"tests.integration.test_integration"},{"name":"resultFormat","value":"allure2"}],"parameters":[],"links":[],"hidden":false,"retry":false,"extra":{"severity":"normal","retries":[],"categories":[{"name":"Test defects","matchedStatuses":[],"flaky":false}],"history":{"statistic":{"failed":0,"broken":2,"skipped":0,"passed":12,"unknown":0,"total":14},"items":[{"uid":"95f3bbec72e175e8","reportUrl":"https://canonical.github.io/vault-k8s-operator/2772//#testresult/95f3bbec72e175e8","status":"passed","time":{"start":1738337138181,"stop":1738337294338,"duration":156157}},{"uid":"87f0ffc7dcb32e2d","reportUrl":"https://canonical.github.io/vault-k8s-operator/2768//#testresult/87f0ffc7dcb32e2d","status":"passed","time":{"start":1738312750353,"stop":1738312891189,"duration":140836}},{"uid":"77f8b20862f0989c","reportUrl":"https://canonical.github.io/vault-k8s-operator/2768//#testresult/77f8b20862f0989c","status":"passed","time":{"start":1738264433817,"stop":1738264519674,"duration":85857}},{"uid":"c15e6d76fbe0f0df","reportUrl":"https://canonical.github.io/vault-k8s-operator/2768//#testresult/c15e6d76fbe0f0df","status":"broken","statusDetails":"test_integration.ActionFailedError: Failed to authorize charm","time":{"start":1738260899240,"stop":1738260976864,"duration":77624}},{"uid":"466927cf814f5a92","reportUrl":"https://canonical.github.io/vault-k8s-operator/2771//#testresult/466927cf814f5a92","status":"passed","time":{"start":1738256480964,"stop":1738256617083,"duration":136119}},{"uid":"51c8d26e8820f6f","reportUrl":"https://canonical.github.io/vault-k8s-operator/2768//#testresult/51c8d26e8820f6f","status":"passed","time":{"start":1738110654936,"stop":1738110801221,"duration":146285}},{"uid":"4150cae1b308769a","reportUrl":"https://canonical.github.io/vault-k8s-operator/2767//#testresult/4150cae1b308769a","status":"passed","time":{"start":1738082491737,"stop":1738082630171,"duration":138434}},{"uid":"1c053d7b13ab067a","reportUrl":"https://canonical.github.io/vault-k8s-operator/2766//#testresult/1c053d7b13ab067a","status":"passed","time":{"start":1738074059384,"stop":1738074205522,"duration":146138}},{"uid":"be76a286d563223c","reportUrl":"https://canonical.github.io/vault-k8s-operator/2766//#testresult/be76a286d563223c","status":"passed","time":{"start":1738058803935,"stop":1738058953287,"duration":149352}},{"uid":"365acbf0038131c2","reportUrl":"https://canonical.github.io/vault-k8s-operator/2763//#testresult/365acbf0038131c2","status":"passed","time":{"start":1737994127582,"stop":1737994273483,"duration":145901}},{"uid":"5caacb945d3d59b4","reportUrl":"https://canonical.github.io/vault-k8s-operator/2751//#testresult/5caacb945d3d59b4","status":"passed","time":{"start":1737459650444,"stop":1737459864175,"duration":213731}},{"uid":"b991d1dc04a6baba","reportUrl":"https://canonical.github.io/vault-k8s-operator/2759//#testresult/b991d1dc04a6baba","status":"passed","time":{"start":1737408410080,"stop":1737408564150,"duration":154070}},{"uid":"75e2c3c1201880a7","reportUrl":"https://canonical.github.io/vault-k8s-operator/2758//#testresult/75e2c3c1201880a7","status":"passed","time":{"start":1737405659778,"stop":1737405801588,"duration":141810}}]},"tags":["asyncio","abort_on_fail"]},"source":"e67ea08c496d397f.json","parameterValues":[]}